Arguments: 
  D:\nvm\nodejs\node.exe D:\nvm\nodejs\node_modules\yarn\bin\yarn.js add vant

PATH: 
  C:\Program Files\Common Files\Oracle\Java\javapath;C:\WINDOWS\system32;C:\WINDOWS;C:\WINDOWS\System32\Wbem;C:\WINDOWS\System32\WindowsPowerShell\v1.0\;C:\WINDOWS\System32\OpenSSH\;D:\git\Git\cmd;D:\nvm;D:\nvm\nodejs;D:\NetSarang\Xftp 7\;D:\NetSarang\Xshell 7\;C:\Users\yl\AppData\Local\Microsoft\WindowsApps;D:\vscode\Microsoft VS Code\bin;%DevEco Studio%;D:\nvm;D:\nvm\nodejs;D:\flutter_windows_2.10.2-stable\flutter\bin;D:\flutter_windows_2.10.2-stable\tools;D:\flutter_windows_2.10.2-stable\platform-tools

Yarn version: 
  1.22.17

Node version: 
  16.12.0

Platform: 
  win32 x64

Trace: 
  Error: EPERM: operation not permitted, unlink 'D:\web\vite-vue-ts\node_modules\esbuild-windows-64\esbuild.exe'

npm manifest: 
  {
    "name": "vite-vue-ts",
    "version": "0.0.0",
    "scripts": {
      "start": "vite",
      "build": "vue-tsc --noEmit && vite build",
      "preview": "vite preview"
    },
    "dependencies": {
      "axios": "^0.25.0",
      "moment": "2.29.1",
      "pinia": "^2.0.9",
      "vue": "^3.2.25",
      "vue-router": "^4.0.0-0"
    },
    "devDependencies": {
      "@types/node": "^17.0.9",
      "@vitejs/plugin-legacy": "^1.6.4",
      "@vitejs/plugin-vue": "^2.0.0",
      "@vue/cli-plugin-router": "~4.5.0",
      "less": "^4.1.2",
      "less-loader": "^10.2.0",
      "typescript": "^4.4.4",
      "vite": "^2.7.2",
      "vite-plugin-style-import": "^1.4.1",
      "vue-tsc": "^0.30.5"
    }
  }

yarn manifest: 
  No manifest

Lockfile: 
  # THIS IS AN AUTOGENERATED FILE. DO NOT EDIT THIS FILE DIRECTLY.
  # yarn lockfile v1
  
  
  "@babel/code-frame@^7.0.0":
    "integrity" "sha512-iAXqUn8IIeBTNd72xsFlgaXHkMBMt6y4HJp1tIaK465CWLT/fG1aqB7ykr95gHHmlBdGbFeWWfyB4NJJ0nmeIg=="
    "resolved" "https://registry.npmmirror.com/@babel/code-frame/download/@babel/code-frame-7.16.7.tgz"
    "version" "7.16.7"
    dependencies:
      "@babel/highlight" "^7.16.7"
  
  "@babel/helper-validator-identifier@^7.16.7":
    "integrity" "sha512-hsEnFemeiW4D08A5gUAZxLBTXpZ39P+a+DGDsHw1yxqyQ/jzFEnxf5uTEGp+3bzAbNOxU1paTgYS4ECU/IgfDw=="
    "resolved" "https://registry.npmmirror.com/@babel/helper-validator-identifier/download/@babel/helper-validator-identifier-7.16.7.tgz"
    "version" "7.16.7"
  
  "@babel/highlight@^7.16.7":
    "integrity" "sha512-aKpPMfLvGO3Q97V0qhw/V2SWNWlwfJknuwAunU7wZLSfrM4xTBvg7E5opUVi1kJTBKihE38CPg4nBiqX83PWYw=="
    "resolved" "https://registry.npmmirror.com/@babel/highlight/download/@babel/highlight-7.16.7.tgz"
    "version" "7.16.7"
    dependencies:
      "@babel/helper-validator-identifier" "^7.16.7"
      "chalk" "^2.0.0"
      "js-tokens" "^4.0.0"
  
  "@babel/parser@^7.16.4", "@babel/parser@^7.6.0", "@babel/parser@^7.9.6":
    "integrity" "sha512-i7jDUfrVBWc+7OKcBzEe5n7fbv3i2fWtxKzzCvOjnzSxMfWMigAhtfJ7qzZNGFNMsCCd67+uz553dYKWXPvCKw=="
    "resolved" "https://registry.npmmirror.com/@babel/parser/download/@babel/parser-7.16.8.tgz"
    "version" "7.16.8"
  
  "@babel/standalone@^7.16.4":
    "integrity" "sha512-2xC+uqniw1MNMTxzkfRUD8y0koEav+cGyWNCTVFAMC58Mb6HYfxqzQt+YtdMpSEcNqrDjvatthhyU0v18PNrnA=="
    "resolved" "https://registry.npmmirror.com/@babel/standalone/download/@babel/standalone-7.16.9.tgz"
    "version" "7.16.9"
  
  "@babel/types@^7.6.1", "@babel/types@^7.9.6":
    "integrity" "sha512-smN2DQc5s4M7fntyjGtyIPbRJv6wW4rU/94fmYJ7PKQuZkC0qGMHXJbg6sNGt12JmVr4k5YaptI/XtiLJBnmIg=="
    "resolved" "https://registry.npmmirror.com/@babel/types/download/@babel/types-7.16.8.tgz"
    "version" "7.16.8"
    dependencies:
      "@babel/helper-validator-identifier" "^7.16.7"
      "to-fast-properties" "^2.0.0"
  
  "@emmetio/abbreviation@^2.2.2":
    "integrity" "sha1-dGdi/Z56jC6mBPWAxi48/iUOaYk="
    "resolved" "https://registry.nlark.com/@emmetio/abbreviation/download/@emmetio/abbreviation-2.2.2.tgz"
    "version" "2.2.2"
    dependencies:
      "@emmetio/scanner" "^1.0.0"
  
  "@emmetio/css-abbreviation@^2.1.4":
    "integrity" "sha1-kDYuihEizjt29sMVeQfTAYL1P1Q="
    "resolved" "https://registry.nlark.com/@emmetio/css-abbreviation/download/@emmetio/css-abbreviation-2.1.4.tgz"
    "version" "2.1.4"
    dependencies:
      "@emmetio/scanner" "^1.0.0"
  
  "@emmetio/scanner@^1.0.0":
    "integrity" "sha1-Blsq9iM/50dNRII+PeuJckr0K18="
    "resolved" "https://registry.npmmirror.com/@emmetio/scanner/download/@emmetio/scanner-1.0.0.tgz"
    "version" "1.0.0"
  
  "@hapi/address@2.x.x":
    "integrity" "sha1-XWftQ/P9QaadS5/3tW58DR0KgeU="
    "resolved" "https://registry.npmmirror.com/@hapi/address/download/@hapi/address-2.1.4.tgz"
    "version" "2.1.4"
  
  "@hapi/bourne@1.x.x":
    "integrity" "sha1-CnCVreoGckPOMoPhtWuKj0U7JCo="
    "resolved" "https://registry.npmmirror.com/@hapi/bourne/download/@hapi/bourne-1.3.2.tgz"
    "version" "1.3.2"
  
  "@hapi/hoek@^8.3.0", "@hapi/hoek@8.x.x":
    "integrity" "sha1-/elgZMpEbeyMVajC8TCVewcMbgY="
    "resolved" "https://registry.npmmirror.com/@hapi/hoek/download/@hapi/hoek-8.5.1.tgz?cache=0&sync_timestamp=1632776609067&other_urls=https%3A%2F%2Fregistry.npmmirror.com%2F%40hapi%2Fhoek%2Fdownload%2F%40hapi%2Fhoek-8.5.1.tgz"
    "version" "8.5.1"
  
  "@hapi/joi@^15.0.1":
    "integrity" "sha1-xnW4pxKW8Cgz+NbSQ7NMV7jOGdc="
    "resolved" "https://registry.npmmirror.com/@hapi/joi/download/@hapi/joi-15.1.1.tgz"
    "version" "15.1.1"
    dependencies:
      "@hapi/address" "2.x.x"
      "@hapi/bourne" "1.x.x"
      "@hapi/hoek" "8.x.x"
      "@hapi/topo" "3.x.x"
  
  "@hapi/topo@3.x.x":
    "integrity" "sha1-aNk1+j6uf91asNf5U/MgXYsr/Ck="
    "resolved" "https://registry.nlark.com/@hapi/topo/download/@hapi/topo-3.1.6.tgz"
    "version" "3.1.6"
    dependencies:
      "@hapi/hoek" "^8.3.0"
  
  "@popperjs/core@^2.9.2":
    "integrity" "sha512-92FRmppjjqz29VMJ2dn+xdyXZBrMlE42AV6Kq6BwjWV7CNUW1hs2FtxSNLQE+gJhaZ6AAmYuO9y8dshhcBl7vA=="
    "resolved" "https://registry.npmmirror.com/@popperjs/core/download/@popperjs/core-2.11.2.tgz"
    "version" "2.11.2"
  
  "@rollup/pluginutils@^4.1.2":
    "integrity" "sha512-ROn4qvkxP9SyPeHaf7uQC/GPFY6L/OWy9+bd9AwcjOAWQwxRscoEyAUD8qCY5o5iL4jqQwoLk2kaTKJPb/HwzQ=="
    "resolved" "https://registry.npmmirror.com/@rollup/pluginutils/download/@rollup/pluginutils-4.1.2.tgz"
    "version" "4.1.2"
    dependencies:
      "estree-walker" "^2.0.1"
      "picomatch" "^2.2.2"
  
  "@types/node@^17.0.9":
    "integrity" "sha512-5dNBXu/FOER+EXnyah7rn8xlNrfMOQb/qXnw4NQgLkCygKBKhdmF/CA5oXVOKZLBEahw8s2WP9LxIcN/oDDRgQ=="
    "resolved" "https://registry.npmjs.org/@types/node/-/node-17.0.9.tgz"
    "version" "17.0.9"
  
  "@types/normalize-package-data@^2.4.0":
    "integrity" "sha1-0zV0eaD9/dWQf+Z+F+CoXJBuEwE="
    "resolved" "https://registry.npmmirror.com/@types/normalize-package-data/download/@types/normalize-package-data-2.4.1.tgz"
    "version" "2.4.1"
  
  "@vant/icons@^1.7.1":
    "integrity" "sha512-tW4EqzxN4kXw1rnlnQJQHofEifPbt/gECOWiibomht8QLyvoGuE4iUmDFS288dJ07ZjuTy0bhdABj0SENo2fmQ=="
    "resolved" "https://registry.npmmirror.com/@vant/icons/download/@vant/icons-1.7.3.tgz"
    "version" "1.7.3"
  
  "@vant/popperjs@^1.1.0":
    "integrity" "sha1-tO3uW7+m+xhwWYbjE9T9XxeUKg8="
    "resolved" "https://registry.npm.taobao.org/@vant/popperjs/download/@vant/popperjs-1.1.0.tgz?cache=0&sync_timestamp=1617712371368&other_urls=https%3A%2F%2Fregistry.npm.taobao.org%2F%40vant%2Fpopperjs%2Fdownload%2F%40vant%2Fpopperjs-1.1.0.tgz"
    "version" "1.1.0"
    dependencies:
      "@popperjs/core" "^2.9.2"
  
  "@vant/use@^1.3.4":
    "integrity" "sha512-XvZkPCjcmEBhD+T3vB68thOG6P9jazld6aBTMenhbAQd4FT/x9AiKIWPJx4MvhYoSIWt7fju6K01XTJldWs1hw=="
    "resolved" "https://registry.npmmirror.com/@vant/use/download/@vant/use-1.3.4.tgz"
    "version" "1.3.4"
  
  "@vitejs/plugin-legacy@^1.6.4":
    "integrity" "sha512-geH2F3hTRN++E4n9NZ0JFumxIWUKqW4FA9PAgM7Q6RvUOUUYW4tlURhEmCBYfZSN24H/yX3mEolX+wFVErsAYQ=="
    "resolved" "https://registry.npmmirror.com/@vitejs/plugin-legacy/download/@vitejs/plugin-legacy-1.6.4.tgz"
    "version" "1.6.4"
    dependencies:
      "@babel/standalone" "^7.16.4"
      "core-js" "^3.19.1"
      "magic-string" "^0.25.7"
      "regenerator-runtime" "^0.13.9"
      "systemjs" "^6.11.0"
  
  "@vitejs/plugin-vue@^2.0.0":
    "integrity" "sha512-wtdMnGVvys9K8tg+DxowU1ytTrdVveXr3LzdhaKakysgGXyrsfaeds2cDywtvujEASjWOwWL/OgWM+qoeM8Plg=="
    "resolved" "https://registry.npmmirror.com/@vitejs/plugin-vue/download/@vitejs/plugin-vue-2.0.1.tgz"
    "version" "2.0.1"
  
  "@volar/code-gen@0.30.5":
    "integrity" "sha512-NOxmWWhy7mC7f4J11wetsWP93YBw86sFMWS+uO4yWhzaooDycX4wUe03MNOEZpynoaSZvi3WSbiLf8rLWHtW/A=="
    "resolved" "https://registry.npmmirror.com/@volar/code-gen/download/@volar/code-gen-0.30.5.tgz"
    "version" "0.30.5"
    dependencies:
      "@volar/shared" "0.30.5"
      "@volar/source-map" "0.30.5"
  
  "@volar/html2pug@0.30.5":
    "integrity" "sha512-UBYlgb6w/2zf9a7/k8NauSuExTPwq4AsmypigchDl1l9EOdLqzq736JdlGi9e2llDEdBUbZZF/Ba8YUjSHJMbw=="
    "resolved" "https://registry.npmmirror.com/@volar/html2pug/download/@volar/html2pug-0.30.5.tgz"
    "version" "0.30.5"
    dependencies:
      "domelementtype" "^2.2.0"
      "domhandler" "^4.3.0"
      "htmlparser2" "^7.2.0"
      "pug" "^3.0.2"
  
  "@volar/shared@0.30.5":
    "integrity" "sha512-fB8BIoCyKcK8D3hroIpn5vCTlxqvFv+R+ocV6fvbn/5Kgo/HW1MfcDf6wLgV6iX2WizRChmBHewSKD0GLyEyZQ=="
    "resolved" "https://registry.npmmirror.com/@volar/shared/download/@volar/shared-0.30.5.tgz"
    "version" "0.30.5"
    dependencies:
      "upath" "^2.0.1"
      "vscode-html-languageservice" "^4.2.1"
      "vscode-jsonrpc" "^8.0.0-next.4"
      "vscode-uri" "^3.0.2"
  
  "@volar/source-map@0.30.5":
    "integrity" "sha512-zBmYuHZfYP67pfRiqRJQiifNEwSnn3F1Jew2+BRlf6gQwwDRrsEyzNN6Y3C9huoWPIIz+c3fQDZjnVsDW6JR6g=="
    "resolved" "https://registry.npmmirror.com/@volar/source-map/download/@volar/source-map-0.30.5.tgz"
    "version" "0.30.5"
    dependencies:
      "@volar/shared" "0.30.5"
      "vscode-languageserver-textdocument" "^1.0.3"
  
  "@volar/transforms@0.30.5":
    "integrity" "sha512-/ek5qrXmYZTonehLN5RKTL4LyfcG28vcB/+YKx1rnp+WK8lGqOFmkj2PUiJH0ZHQ3ymuolfB549Xl0r1RCqKJQ=="
    "resolved" "https://registry.npmmirror.com/@volar/transforms/download/@volar/transforms-0.30.5.tgz"
    "version" "0.30.5"
    dependencies:
      "@volar/shared" "0.30.5"
      "vscode-languageserver-types" "^3.17.0-next.5"
  
  "@volar/vue-code-gen@0.30.5":
    "integrity" "sha512-jeLwTVT2JAL/YcYO5NfwQENG7/BYT03suiylC6cHDdHO/AcMA28hmMlki2UNFNSizZj8U0WSnFzk9tp0SuuqlA=="
    "resolved" "https://registry.npmmirror.com/@volar/vue-code-gen/download/@volar/vue-code-gen-0.30.5.tgz"
    "version" "0.30.5"
    dependencies:
      "@volar/code-gen" "0.30.5"
      "@volar/shared" "0.30.5"
      "@volar/source-map" "0.30.5"
      "@vue/compiler-core" "^3.2.26"
      "@vue/compiler-dom" "^3.2.26"
      "@vue/shared" "^3.2.26"
      "upath" "^2.0.1"
  
  "@vscode/emmet-helper@^2.8.3":
    "integrity" "sha512-dkTSL+BaBBS8gFgPm/GMOU+XfxaMyI+Fl1IUYxEi8Iv24RfHf9/q2eCpV2hs7sncLcoKWEbMYe5gv4Ppmp2Oxw=="
    "resolved" "https://registry.npmmirror.com/@vscode/emmet-helper/download/@vscode/emmet-helper-2.8.3.tgz"
    "version" "2.8.3"
    dependencies:
      "emmet" "^2.3.0"
      "jsonc-parser" "^2.3.0"
      "vscode-languageserver-textdocument" "^1.0.1"
      "vscode-languageserver-types" "^3.15.1"
      "vscode-nls" "^5.0.0"
      "vscode-uri" "^2.1.2"
  
  "@vue/cli-plugin-router@~4.5.0":
    "integrity" "sha1-HnXIyJ30LGlPFDufECjePPXWHh4="
    "resolved" "https://registry.npmmirror.com/@vue/cli-plugin-router/download/@vue/cli-plugin-router-4.5.15.tgz"
    "version" "4.5.15"
    dependencies:
      "@vue/cli-shared-utils" "^4.5.15"
  
  "@vue/cli-shared-utils@^4.5.15":
    "integrity" "sha1-26OFgWXb40ZXVfJWpIkOaQhFMtY="
    "resolved" "https://registry.npmmirror.com/@vue/cli-shared-utils/download/@vue/cli-shared-utils-4.5.15.tgz"
    "version" "4.5.15"
    dependencies:
      "@hapi/joi" "^15.0.1"
      "chalk" "^2.4.2"
      "execa" "^1.0.0"
      "launch-editor" "^2.2.1"
      "lru-cache" "^5.1.1"
      "node-ipc" "^9.1.1"
      "open" "^6.3.0"
      "ora" "^3.4.0"
      "read-pkg" "^5.1.1"
      "request" "^2.88.2"
      "semver" "^6.1.0"
      "strip-ansi" "^6.0.0"
  
  "@vue/compiler-core@^3.2.26", "@vue/compiler-core@3.2.27":
    "integrity" "sha512-JyxAglSM/pb9paG5ZNuKrf5IUpzLzQA3khjWGF9oESELCLQlt6O3YyPMR2A69wIpYWrf5mScZ8YY8TJKOI/1kQ=="
    "resolved" "https://registry.npmmirror.com/@vue/compiler-core/download/@vue/compiler-core-3.2.27.tgz"
    "version" "3.2.27"
    dependencies:
      "@babel/parser" "^7.16.4"
      "@vue/shared" "3.2.27"
      "estree-walker" "^2.0.2"
      "source-map" "^0.6.1"
  
  "@vue/compiler-dom@^3.2.26", "@vue/compiler-dom@3.2.27":
    "integrity" "sha512-NyQ7nEbopUBPUMHM4c3FPCbFbnQwptoPjW5Y5qfJ7hfiCNhOuhQsDNqi5JYKBxfpxiFNwjcN9F8t1AsnLrDloQ=="
    "resolved" "https://registry.npmmirror.com/@vue/compiler-dom/download/@vue/compiler-dom-3.2.27.tgz"
    "version" "3.2.27"
    dependencies:
      "@vue/compiler-core" "3.2.27"
      "@vue/shared" "3.2.27"
  
  "@vue/compiler-sfc@3.2.27":
    "integrity" "sha512-WyecUhLN5UAQAr2QlmG2nA56OEnhZJaBnSw0G1tazb9rwDuK0V9tnbIXbQgmQlx+x4sJxgg61yWGcIXfilTl3A=="
    "resolved" "https://registry.npmmirror.com/@vue/compiler-sfc/download/@vue/compiler-sfc-3.2.27.tgz"
    "version" "3.2.27"
    dependencies:
      "@babel/parser" "^7.16.4"
      "@vue/compiler-core" "3.2.27"
      "@vue/compiler-dom" "3.2.27"
      "@vue/compiler-ssr" "3.2.27"
      "@vue/reactivity-transform" "3.2.27"
      "@vue/shared" "3.2.27"
      "estree-walker" "^2.0.2"
      "magic-string" "^0.25.7"
      "postcss" "^8.1.10"
      "source-map" "^0.6.1"
  
  "@vue/compiler-ssr@3.2.27":
    "integrity" "sha512-+l09t319iV7HVSrXfBw9OLwMZIPOFTXmHjZ61Bc5ZcwKqOYAR4uTurKpoXAfcSc5qs/q6WdE9jY3nrP0LUEMQQ=="
    "resolved" "https://registry.npmmirror.com/@vue/compiler-ssr/download/@vue/compiler-ssr-3.2.27.tgz"
    "version" "3.2.27"
    dependencies:
      "@vue/compiler-dom" "3.2.27"
      "@vue/shared" "3.2.27"
  
  "@vue/devtools-api@^6.0.0-beta.18", "@vue/devtools-api@^6.0.0-beta.21":
    "integrity" "sha512-FqC4s3pm35qGVeXRGOjTsRzlkJjrBLriDS9YXbflHLsfA9FrcKzIyWnLXoNm+/7930E8rRakXuAc2QkC50swAw=="
    "resolved" "https://registry.npmmirror.com/@vue/devtools-api/download/@vue/devtools-api-6.0.0-beta.21.1.tgz"
    "version" "6.0.0-beta.21.1"
  
  "@vue/reactivity-transform@3.2.27":
    "integrity" "sha512-67//61ObGxGnVrPhjygocb24eYUh+TFMhkm7szm8v5XdKXjkNl7qgIOflwGvUnwuIRJmr9nZ7+PvY0fL+H2upA=="
    "resolved" "https://registry.npmmirror.com/@vue/reactivity-transform/download/@vue/reactivity-transform-3.2.27.tgz"
    "version" "3.2.27"
    dependencies:
      "@babel/parser" "^7.16.4"
      "@vue/compiler-core" "3.2.27"
      "@vue/shared" "3.2.27"
      "estree-walker" "^2.0.2"
      "magic-string" "^0.25.7"
  
  "@vue/reactivity@^3.2.26", "@vue/reactivity@3.2.27":
    "integrity" "sha512-QPfIQEJidRGIu/mPexhcB4csp1LEg2Nr+/QE72MnXs/OYDtFErhC9FxIyymkxp/xvAgL5wsnSOuDD6zWF42vRQ=="
    "resolved" "https://registry.npmmirror.com/@vue/reactivity/download/@vue/reactivity-3.2.27.tgz"
    "version" "3.2.27"
    dependencies:
      "@vue/shared" "3.2.27"
  
  "@vue/runtime-core@3.2.27":
    "integrity" "sha512-NJrjuViHJyrT4bwIocbE4XDaDlA1Pj61pQlneZZdFEvgdMLlhzCCiJ4WZnWcohYQeisUAZjEFKK8GjQieDPFbw=="
    "resolved" "https://registry.npmmirror.com/@vue/runtime-core/download/@vue/runtime-core-3.2.27.tgz"
    "version" "3.2.27"
    dependencies:
      "@vue/reactivity" "3.2.27"
      "@vue/shared" "3.2.27"
  
  "@vue/runtime-dom@3.2.27":
    "integrity" "sha512-tlnKkvBSkV7MPUp/wRFsYcv67U1rUeZTPfpPzq5Kpmw5NNGkY6J075fFBH2k0MNxDucXS+qfStNrxAyGTUMkSA=="
    "resolved" "https://registry.npmmirror.com/@vue/runtime-dom/download/@vue/runtime-dom-3.2.27.tgz"
    "version" "3.2.27"
    dependencies:
      "@vue/runtime-core" "3.2.27"
      "@vue/shared" "3.2.27"
      "csstype" "^2.6.8"
  
  "@vue/server-renderer@3.2.27":
    "integrity" "sha512-dZnzkFCDe6A/GIe/F1LcG6lWpprHVh62DjTv8wubtkHwfJWOmOeHp+KvPDRrswL/L3ghsm+E31xY+pvkgM3pbQ=="
    "resolved" "https://registry.npmmirror.com/@vue/server-renderer/download/@vue/server-renderer-3.2.27.tgz"
    "version" "3.2.27"
    dependencies:
      "@vue/compiler-ssr" "3.2.27"
      "@vue/shared" "3.2.27"
  
  "@vue/shared@^3.2.26", "@vue/shared@3.2.27":
    "integrity" "sha512-rpAn9k6O08Lvo7ekBIAnkOukX/4EsEQLPrRJBKhIEasMsOI5eX0f6mq1sDUSY7cgAqWw2d7QtP74CWxdXoyKxA=="
    "resolved" "https://registry.npmmirror.com/@vue/shared/download/@vue/shared-3.2.27.tgz"
    "version" "3.2.27"
  
  "acorn@^7.1.1":
    "integrity" "sha512-nQyp0o1/mNdbTO1PO6kHkwSrmgZ0MT/jCCpNiwbUjGoRN4dlBhqJtoQuCnEOKzgTVwg0ZWiCoQy6SxMebQVh8A=="
    "resolved" "https://registry.npmmirror.com/acorn/download/acorn-7.4.1.tgz"
    "version" "7.4.1"
  
  "ajv@^6.12.3":
    "integrity" "sha512-j3fVLgvTo527anyYyJOGTYJbG+vnnQYvE0m5mmkc1TK+nxAppkCLMIL0aZ4dblVCNoGShhm+kzE4ZUykBoMg4g=="
    "resolved" "https://registry.npmmirror.com/ajv/download/ajv-6.12.6.tgz"
    "version" "6.12.6"
    dependencies:
      "fast-deep-equal" "^3.1.1"
      "fast-json-stable-stringify" "^2.0.0"
      "json-schema-traverse" "^0.4.1"
      "uri-js" "^4.2.2"
  
  "ansi-regex@^4.1.0":
    "integrity" "sha1-i5+PCM8ay4Q3Vqg5yox+MWjFGZc="
    "resolved" "https://registry.nlark.com/ansi-regex/download/ansi-regex-4.1.0.tgz"
    "version" "4.1.0"
  
  "ansi-regex@^5.0.1":
    "integrity" "sha1-CCyyyJyf6GWaMRpTvWpNxTAdswQ="
    "resolved" "https://registry.nlark.com/ansi-regex/download/ansi-regex-5.0.1.tgz"
    "version" "5.0.1"
  
  "ansi-styles@^3.2.1":
    "integrity" "sha512-VT0ZI6kZRdTh8YyJw3SMbYm/u+NqfsAxEpWO0Pf9sq8/e94WxxOpPKx9FR1FlyCtOVDNOQ+8ntlqFxiRc+r5qA=="
    "resolved" "https://registry.npmmirror.com/ansi-styles/download/ansi-styles-3.2.1.tgz"
    "version" "3.2.1"
    dependencies:
      "color-convert" "^1.9.0"
  
  "asap@~2.0.3":
    "integrity" "sha1-5QNHYR1+aQlDIIu9r+vLwvuGbUY="
    "resolved" "https://registry.nlark.com/asap/download/asap-2.0.6.tgz"
    "version" "2.0.6"
  
  "asn1@~0.2.3":
    "integrity" "sha1-DTp7tuZOAqkMAwOzHykoaOoJoI0="
    "resolved" "https://registry.npmmirror.com/asn1/download/asn1-0.2.6.tgz"
    "version" "0.2.6"
    dependencies:
      "safer-buffer" "~2.1.0"
  
  "assert-never@^1.2.1":
    "integrity" "sha1-EfDjY78UYgX7CBk7XHuQ9NHPRP4="
    "resolved" "https://registry.nlark.com/assert-never/download/assert-never-1.2.1.tgz"
    "version" "1.2.1"
  
  "assert-plus@^1.0.0", "assert-plus@1.0.0":
    "integrity" "sha1-8S4PPF13sLHN2RRpQuTpbB5N1SU="
    "resolved" "https://registry.nlark.com/assert-plus/download/assert-plus-1.0.0.tgz"
    "version" "1.0.0"
  
  "asynckit@^0.4.0":
    "integrity" "sha1-x57Zf380y48robyXkLzDZkdLS3k="
    "resolved" "https://registry.npmmirror.com/asynckit/download/asynckit-0.4.0.tgz"
    "version" "0.4.0"
  
  "aws-sign2@~0.7.0":
    "integrity" "sha1-tG6JCTSpWR8tL2+G1+ap8bP+dqg="
    "resolved" "https://registry.npmmirror.com/aws-sign2/download/aws-sign2-0.7.0.tgz"
    "version" "0.7.0"
  
  "aws4@^1.8.0":
    "integrity" "sha1-1h9G2DslGSUOJ4Ta9bCUeai0HFk="
    "resolved" "https://registry.nlark.com/aws4/download/aws4-1.11.0.tgz"
    "version" "1.11.0"
  
  "axios@^0.25.0":
    "integrity" "sha512-cD8FOb0tRH3uuEe6+evtAbgJtfxr7ly3fQjYcMcuPlgkwVS9xboaVIpcDV+cYQe+yGykgwZCs1pzjntcGa6l5g=="
    "resolved" "https://registry.npmmirror.com/axios/download/axios-0.25.0.tgz"
    "version" "0.25.0"
    dependencies:
      "follow-redirects" "^1.14.7"
  
  "babel-walk@3.0.0-canary-5":
    "integrity" "sha1-9m7Ncpg1eu5ElV8jWm71QhkQSxE="
    "resolved" "https://registry.nlark.com/babel-walk/download/babel-walk-3.0.0-canary-5.tgz"
    "version" "3.0.0-canary-5"
    dependencies:
      "@babel/types" "^7.9.6"
  
  "bcrypt-pbkdf@^1.0.0":
    "integrity" "sha1-pDAdOJtqQ/m2f/PKEaP2Y342Dp4="
    "resolved" "https://registry.nlark.com/bcrypt-pbkdf/download/bcrypt-pbkdf-1.0.2.tgz"
    "version" "1.0.2"
    dependencies:
      "tweetnacl" "^0.14.3"
  
  "call-bind@^1.0.2":
    "integrity" "sha1-sdTonmiBGcPJqQOtMKuy9qkZvjw="
    "resolved" "https://registry.nlark.com/call-bind/download/call-bind-1.0.2.tgz"
    "version" "1.0.2"
    dependencies:
      "function-bind" "^1.1.1"
      "get-intrinsic" "^1.0.2"
  
  "camel-case@^4.1.2":
    "integrity" "sha1-lygHKpVPgFIoIlpt7qazhGHhvVo="
    "resolved" "https://registry.npm.taobao.org/camel-case/download/camel-case-4.1.2.tgz?cache=0&sync_timestamp=1606867297052&other_urls=https%3A%2F%2Fregistry.npm.taobao.org%2Fcamel-case%2Fdownload%2Fcamel-case-4.1.2.tgz"
    "version" "4.1.2"
    dependencies:
      "pascal-case" "^3.1.2"
      "tslib" "^2.0.3"
  
  "capital-case@^1.0.4":
    "integrity" "sha1-nRMCkjU8kkn2sA+lhSvuOKcX5mk="
    "resolved" "https://registry.nlark.com/capital-case/download/capital-case-1.0.4.tgz"
    "version" "1.0.4"
    dependencies:
      "no-case" "^3.0.4"
      "tslib" "^2.0.3"
      "upper-case-first" "^2.0.2"
  
  "caseless@~0.12.0":
    "integrity" "sha1-G2gcIf+EAzyCZUMJBolCDRhxUdw="
    "resolved" "https://registry.nlark.com/caseless/download/caseless-0.12.0.tgz"
    "version" "0.12.0"
  
  "chalk@^2.0.0", "chalk@^2.0.1", "chalk@^2.4.2":
    "integrity" "sha512-Mti+f9lpJNcwF4tWV8/OrTTtF1gZi+f8FqlyAdouralcFWFQWF2+NgCHShjkCb+IFBLq9buZwE1xckQU4peSuQ=="
    "resolved" "https://registry.npmmirror.com/chalk/download/chalk-2.4.2.tgz"
    "version" "2.4.2"
    dependencies:
      "ansi-styles" "^3.2.1"
      "escape-string-regexp" "^1.0.5"
      "supports-color" "^5.3.0"
  
  "change-case@^4.1.2":
    "integrity" "sha1-/t/F8TYEXiOYwEEO5EH5VwRkHhI="
    "resolved" "https://registry.npm.taobao.org/change-case/download/change-case-4.1.2.tgz?cache=0&sync_timestamp=1606867326259&other_urls=https%3A%2F%2Fregistry.npm.taobao.org%2Fchange-case%2Fdownload%2Fchange-case-4.1.2.tgz"
    "version" "4.1.2"
    dependencies:
      "camel-case" "^4.1.2"
      "capital-case" "^1.0.4"
      "constant-case" "^3.0.4"
      "dot-case" "^3.0.4"
      "header-case" "^2.0.4"
      "no-case" "^3.0.4"
      "param-case" "^3.0.4"
      "pascal-case" "^3.1.2"
      "path-case" "^3.0.4"
      "sentence-case" "^3.0.4"
      "snake-case" "^3.0.4"
      "tslib" "^2.0.3"
  
  "character-parser@^2.2.0":
    "integrity" "sha1-x84o821LzZdE5f/CxfzeHHMmH8A="
    "resolved" "https://registry.npmmirror.com/character-parser/download/character-parser-2.2.0.tgz"
    "version" "2.2.0"
    dependencies:
      "is-regex" "^1.0.3"
  
  "cli-cursor@^2.1.0":
    "integrity" "sha1-s12sN2R5+sw+lHR9QdDQ9SOP/LU="
    "resolved" "https://registry.nlark.com/cli-cursor/download/cli-cursor-2.1.0.tgz"
    "version" "2.1.0"
    dependencies:
      "restore-cursor" "^2.0.0"
  
  "cli-spinners@^2.0.0":
    "integrity" "sha1-rclU6+KBw3pjGb+kAebdJIj/tw0="
    "resolved" "https://registry.npmmirror.com/cli-spinners/download/cli-spinners-2.6.1.tgz"
    "version" "2.6.1"
  
  "clone@^1.0.2":
    "integrity" "sha1-2jCcwmPfFZlMaIypAheco8fNfH4="
    "resolved" "https://registry.npmmirror.com/clone/download/clone-1.0.4.tgz"
    "version" "1.0.4"
  
  "color-convert@^1.9.0":
    "integrity" "sha1-u3GFBpDh8TZWfeYp0tVHHe2kweg="
    "resolved" "https://registry.npmmirror.com/color-convert/download/color-convert-1.9.3.tgz"
    "version" "1.9.3"
    dependencies:
      "color-name" "1.1.3"
  
  "color-name@1.1.3":
    "integrity" "sha1-p9BVi9icQveV3UIyj3QIMcpTvCU="
    "resolved" "https://registry.npmmirror.com/color-name/download/color-name-1.1.3.tgz"
    "version" "1.1.3"
  
  "combined-stream@^1.0.6", "combined-stream@~1.0.6":
    "integrity" "sha1-w9RaizT9cwYxoRCoolIGgrMdWn8="
    "resolved" "https://registry.nlark.com/combined-stream/download/combined-stream-1.0.8.tgz"
    "version" "1.0.8"
    dependencies:
      "delayed-stream" "~1.0.0"
  
  "constant-case@^3.0.4":
    "integrity" "sha1-O4Sprq9M8x7EXmv13pG9+wWJ+vE="
    "resolved" "https://registry.npm.taobao.org/constant-case/download/constant-case-3.0.4.tgz?cache=0&sync_timestamp=1606867325763&other_urls=https%3A%2F%2Fregistry.npm.taobao.org%2Fconstant-case%2Fdownload%2Fconstant-case-3.0.4.tgz"
    "version" "3.0.4"
    dependencies:
      "no-case" "^3.0.4"
      "tslib" "^2.0.3"
      "upper-case" "^2.0.2"
  
  "constantinople@^4.0.1":
    "integrity" "sha1-De8RP6Dk3I3oMzGlz3nIsyUhMVE="
    "resolved" "https://registry.nlark.com/constantinople/download/constantinople-4.0.1.tgz"
    "version" "4.0.1"
    dependencies:
      "@babel/parser" "^7.6.0"
      "@babel/types" "^7.6.1"
  
  "copy-anything@^2.0.1":
    "integrity" "sha1-hCQHugJGaw34RIGbvjuuu+XUXYc="
    "resolved" "https://registry.npm.taobao.org/copy-anything/download/copy-anything-2.0.3.tgz?cache=0&sync_timestamp=1612447113795&other_urls=https%3A%2F%2Fregistry.npm.taobao.org%2Fcopy-anything%2Fdownload%2Fcopy-anything-2.0.3.tgz"
    "version" "2.0.3"
    dependencies:
      "is-what" "^3.12.0"
  
  "core-js@^3.19.1":
    "integrity" "sha512-vVl8j8ph6tRS3B8qir40H7yw7voy17xL0piAjlbBUsH7WIfzoedL/ZOr1OV9FyZQLWXsayOJyV4tnRyXR85/ag=="
    "resolved" "https://registry.npmmirror.com/core-js/download/core-js-3.20.3.tgz"
    "version" "3.20.3"
  
  "core-util-is@1.0.2":
    "integrity" "sha1-tf1UIgqivFq1eqtxQMlAdUUDwac="
    "resolved" "https://registry.npmmirror.com/core-util-is/download/core-util-is-1.0.2.tgz"
    "version" "1.0.2"
  
  "cross-spawn@^6.0.0":
    "integrity" "sha1-Sl7Hxk364iw6FBJNus3uhG2Ay8Q="
    "resolved" "https://registry.npmmirror.com/cross-spawn/download/cross-spawn-6.0.5.tgz"
    "version" "6.0.5"
    dependencies:
      "nice-try" "^1.0.4"
      "path-key" "^2.0.1"
      "semver" "^5.5.0"
      "shebang-command" "^1.2.0"
      "which" "^1.2.9"
  
  "csstype@^2.6.8":
    "integrity" "sha512-ZVxXaNy28/k3kJg0Fou5MiYpp88j7H9hLZp8PDC3jV0WFjfH5E9xHb56L0W59cPbKbcHXeP4qyT8PrHp8t6LcQ=="
    "resolved" "https://registry.npmmirror.com/csstype/download/csstype-2.6.19.tgz?cache=0&other_urls=https%3A%2F%2Fregistry.npmmirror.com%2Fcsstype%2Fdownload%2Fcsstype-2.6.19.tgz"
    "version" "2.6.19"
  
  "dashdash@^1.12.0":
    "integrity" "sha1-hTz6D3y+L+1d4gMmuN1YEDX24vA="
    "resolved" "https://registry.nlark.com/dashdash/download/dashdash-1.14.1.tgz"
    "version" "1.14.1"
    dependencies:
      "assert-plus" "^1.0.0"
  
  "debug@^3.2.6":
    "integrity" "sha512-CFjzYYAi4ThfiQvizrFQevTTXHtnCqWfe7x1AhgEscTz6ZbLbfoLRLPugTQyBth6f8ZERVUSyWHFD/7Wu4t1XQ=="
    "resolved" "https://registry.npmmirror.com/debug/download/debug-3.2.7.tgz"
    "version" "3.2.7"
    dependencies:
      "ms" "^2.1.1"
  
  "debug@^4.3.3":
    "integrity" "sha512-/zxw5+vh1Tfv+4Qn7a5nsbcJKPaSvCDhojn6FEl9vupwK2VCSDtEiEtqr8DFtzYFOdz63LBkxec7DYuc2jon6Q=="
    "resolved" "https://registry.npmmirror.com/debug/download/debug-4.3.3.tgz"
    "version" "4.3.3"
    dependencies:
      "ms" "2.1.2"
  
  "defaults@^1.0.3":
    "integrity" "sha1-xlYFHpgX2f8I7YgUd/P+QBnz730="
    "resolved" "https://registry.npmmirror.com/defaults/download/defaults-1.0.3.tgz"
    "version" "1.0.3"
    dependencies:
      "clone" "^1.0.2"
  
  "delayed-stream@~1.0.0":
    "integrity" "sha1-3zrhmayt+31ECqrgsp4icrJOxhk="
    "resolved" "https://registry.nlark.com/delayed-stream/download/delayed-stream-1.0.0.tgz"
    "version" "1.0.0"
  
  "doctypes@^1.1.0":
    "integrity" "sha1-6oCxBqh1OHdOijpKWv4pPeSJ4Kk="
    "resolved" "https://registry.npmmirror.com/doctypes/download/doctypes-1.1.0.tgz"
    "version" "1.1.0"
  
  "dom-serializer@^1.0.1":
    "integrity" "sha1-YgZDfTLO767HFhgDIwx6ILwbTZE="
    "resolved" "https://registry.npmmirror.com/dom-serializer/download/dom-serializer-1.3.2.tgz"
    "version" "1.3.2"
    dependencies:
      "domelementtype" "^2.0.1"
      "domhandler" "^4.2.0"
      "entities" "^2.0.0"
  
  "domelementtype@^2.0.1", "domelementtype@^2.2.0":
    "integrity" "sha1-mgtsJ4LtahxzI9QiZxg9+b2LHVc="
    "resolved" "https://registry.npmmirror.com/domelementtype/download/domelementtype-2.2.0.tgz"
    "version" "2.2.0"
  
  "domhandler@^4.2.0", "domhandler@^4.2.2", "domhandler@^4.3.0":
    "integrity" "sha512-fC0aXNQXqKSFTr2wDNZDhsEYjCiYsDWl3D01kwt25hm1YIPyDGHvvi3rw+PLqHAl/m71MaiF7d5zvBr0p5UB2g=="
    "resolved" "https://registry.npmmirror.com/domhandler/download/domhandler-4.3.0.tgz"
    "version" "4.3.0"
    dependencies:
      "domelementtype" "^2.2.0"
  
  "domutils@^2.8.0":
    "integrity" "sha1-RDfe9dtuLR9dbuhZvZXKfQIEgTU="
    "resolved" "https://registry.npmmirror.com/domutils/download/domutils-2.8.0.tgz"
    "version" "2.8.0"
    dependencies:
      "dom-serializer" "^1.0.1"
      "domelementtype" "^2.2.0"
      "domhandler" "^4.2.0"
  
  "dot-case@^3.0.4":
    "integrity" "sha1-mytnDQCkMWZ6inW6Kc0bmICc51E="
    "resolved" "https://registry.npm.taobao.org/dot-case/download/dot-case-3.0.4.tgz?cache=0&sync_timestamp=1606867327042&other_urls=https%3A%2F%2Fregistry.npm.taobao.org%2Fdot-case%2Fdownload%2Fdot-case-3.0.4.tgz"
    "version" "3.0.4"
    dependencies:
      "no-case" "^3.0.4"
      "tslib" "^2.0.3"
  
  "easy-stack@^1.0.1":
    "integrity" "sha1-iv5CZGJpiMq7EfPHBMzQyDVBEGY="
    "resolved" "https://registry.nlark.com/easy-stack/download/easy-stack-1.0.1.tgz"
    "version" "1.0.1"
  
  "ecc-jsbn@~0.1.1":
    "integrity" "sha1-OoOpBOVDUyh4dMVkt1SThoSamMk="
    "resolved" "https://registry.npmmirror.com/ecc-jsbn/download/ecc-jsbn-0.1.2.tgz"
    "version" "0.1.2"
    dependencies:
      "jsbn" "~0.1.0"
      "safer-buffer" "^2.1.0"
  
  "emmet@^2.3.0":
    "integrity" "sha512-LcWfTamJnXIdMfLvJEC5Ld3hY5/KHXgv1L1bp6I7eEvB0ZhacHZ1kX0BYovJ8FroEsreLcq7n7kZhRMsf6jkXQ=="
    "resolved" "https://registry.npmmirror.com/emmet/download/emmet-2.3.5.tgz"
    "version" "2.3.5"
    dependencies:
      "@emmetio/abbreviation" "^2.2.2"
      "@emmetio/css-abbreviation" "^2.1.4"
  
  "end-of-stream@^1.1.0":
    "integrity" "sha1-WuZKX0UFe682JuwU2gyl5LJDHrA="
    "resolved" "https://registry.npm.taobao.org/end-of-stream/download/end-of-stream-1.4.4.tgz"
    "version" "1.4.4"
    dependencies:
      "once" "^1.4.0"
  
  "entities@^2.0.0":
    "integrity" "sha1-CY3JDruD2N/6CJ1VJWs1HTTE2lU="
    "resolved" "https://registry.nlark.com/entities/download/entities-2.2.0.tgz"
    "version" "2.2.0"
  
  "entities@^3.0.1":
    "integrity" "sha1-K4h8piWF6W2zkDSC0zbBAGwwAdQ="
    "resolved" "https://registry.nlark.com/entities/download/entities-3.0.1.tgz"
    "version" "3.0.1"
  
  "errno@^0.1.1":
    "integrity" "sha1-i7Ppx9Rjvkl2/4iPdrSAnrwugR8="
    "resolved" "https://registry.npm.taobao.org/errno/download/errno-0.1.8.tgz"
    "version" "0.1.8"
    dependencies:
      "prr" "~1.0.1"
  
  "error-ex@^1.3.1":
    "integrity" "sha1-tKxAZIEH/c3PriQvQovqihTU8b8="
    "resolved" "https://registry.npm.taobao.org/error-ex/download/error-ex-1.3.2.tgz"
    "version" "1.3.2"
    dependencies:
      "is-arrayish" "^0.2.1"
  
  "es-module-lexer@^0.9.3":
    "integrity" "sha1-bxPbAMw4QXE32vdDZvU1yOtDjxk="
    "resolved" "https://registry.npmmirror.com/es-module-lexer/download/es-module-lexer-0.9.3.tgz?cache=0&sync_timestamp=1633645560577&other_urls=https%3A%2F%2Fregistry.npmmirror.com%2Fes-module-lexer%2Fdownload%2Fes-module-lexer-0.9.3.tgz"
    "version" "0.9.3"
  
  "esbuild-windows-64@0.13.15":
    "integrity" "sha512-9aMsPRGDWCd3bGjUIKG/ZOJPKsiztlxl/Q3C1XDswO6eNX/Jtwu4M+jb6YDH9hRSUflQWX0XKAfWzgy5Wk54JQ=="
    "resolved" "https://registry.npmmirror.com/esbuild-windows-64/download/esbuild-windows-64-0.13.15.tgz"
    "version" "0.13.15"
  
  "esbuild@^0.13.12":
    "integrity" "sha512-raCxt02HBKv8RJxE8vkTSCXGIyKHdEdGfUmiYb8wnabnaEmHzyW7DCHb5tEN0xU8ryqg5xw54mcwnYkC4x3AIw=="
    "resolved" "https://registry.npmmirror.com/esbuild/download/esbuild-0.13.15.tgz"
    "version" "0.13.15"
    optionalDependencies:
      "esbuild-android-arm64" "0.13.15"
      "esbuild-darwin-64" "0.13.15"
      "esbuild-darwin-arm64" "0.13.15"
      "esbuild-freebsd-64" "0.13.15"
      "esbuild-freebsd-arm64" "0.13.15"
      "esbuild-linux-32" "0.13.15"
      "esbuild-linux-64" "0.13.15"
      "esbuild-linux-arm" "0.13.15"
      "esbuild-linux-arm64" "0.13.15"
      "esbuild-linux-mips64le" "0.13.15"
      "esbuild-linux-ppc64le" "0.13.15"
      "esbuild-netbsd-64" "0.13.15"
      "esbuild-openbsd-64" "0.13.15"
      "esbuild-sunos-64" "0.13.15"
      "esbuild-windows-32" "0.13.15"
      "esbuild-windows-64" "0.13.15"
      "esbuild-windows-arm64" "0.13.15"
  
  "escape-string-regexp@^1.0.5":
    "integrity" "sha1-G2HAViGQqN/2rjuyzwIAyhMLhtQ="
    "resolved" "https://registry.nlark.com/escape-string-regexp/download/escape-string-regexp-1.0.5.tgz"
    "version" "1.0.5"
  
  "estree-walker@^2.0.1", "estree-walker@^2.0.2":
    "integrity" "sha1-UvAQF4wqTBF6d1fP6UKtt9LaTKw="
    "resolved" "https://registry.npmmirror.com/estree-walker/download/estree-walker-2.0.2.tgz"
    "version" "2.0.2"
  
  "event-pubsub@4.3.0":
    "integrity" "sha1-9o2Ba8KfHsAsU53FjI3UDOcss24="
    "resolved" "https://registry.nlark.com/event-pubsub/download/event-pubsub-4.3.0.tgz"
    "version" "4.3.0"
  
  "execa@^1.0.0":
    "integrity" "sha1-xiNqW7TfbW8V6I5/AXeYIWdJ3dg="
    "resolved" "https://registry.npmmirror.com/execa/download/execa-1.0.0.tgz?cache=0&sync_timestamp=1637147254617&other_urls=https%3A%2F%2Fregistry.npmmirror.com%2Fexeca%2Fdownload%2Fexeca-1.0.0.tgz"
    "version" "1.0.0"
    dependencies:
      "cross-spawn" "^6.0.0"
      "get-stream" "^4.0.0"
      "is-stream" "^1.1.0"
      "npm-run-path" "^2.0.0"
      "p-finally" "^1.0.0"
      "signal-exit" "^3.0.0"
      "strip-eof" "^1.0.0"
  
  "extend@~3.0.2":
    "integrity" "sha1-+LETa0Bx+9jrFAr/hYsQGewpFfo="
    "resolved" "https://registry.nlark.com/extend/download/extend-3.0.2.tgz"
    "version" "3.0.2"
  
  "extsprintf@^1.2.0":
    "integrity" "sha1-jRcsBkhn8jXAyEpZaAbSeb9LzAc="
    "resolved" "https://registry.npmmirror.com/extsprintf/download/extsprintf-1.4.1.tgz?cache=0&sync_timestamp=1635889707944&other_urls=https%3A%2F%2Fregistry.npmmirror.com%2Fextsprintf%2Fdownload%2Fextsprintf-1.4.1.tgz"
    "version" "1.4.1"
  
  "extsprintf@1.3.0":
    "integrity" "sha1-lpGEQOMEGnpBT4xS48V06zw+HgU="
    "resolved" "https://registry.npmmirror.com/extsprintf/download/extsprintf-1.3.0.tgz?cache=0&sync_timestamp=1635889707944&other_urls=https%3A%2F%2Fregistry.npmmirror.com%2Fextsprintf%2Fdownload%2Fextsprintf-1.3.0.tgz"
    "version" "1.3.0"
  
  "fast-deep-equal@^3.1.1":
    "integrity" "sha1-On1WtVnWy8PrUSMlJE5hmmXGxSU="
    "resolved" "https://registry.nlark.com/fast-deep-equal/download/fast-deep-equal-3.1.3.tgz"
    "version" "3.1.3"
  
  "fast-json-stable-stringify@^2.0.0":
    "integrity" "sha1-h0v2nG9ATCtdmcSBNBOZ/VWJJjM="
    "resolved" "https://registry.nlark.com/fast-json-stable-stringify/download/fast-json-stable-stringify-2.1.0.tgz?cache=0&sync_timestamp=1618847186091&other_urls=https%3A%2F%2Fregistry.nlark.com%2Ffast-json-stable-stringify%2Fdownload%2Ffast-json-stable-stringify-2.1.0.tgz"
    "version" "2.1.0"
  
  "follow-redirects@^1.14.7":
    "integrity" "sha512-+hbxoLbFMbRKDwohX8GkTataGqO6Jb7jGwpAlwgy2bIz25XtRm7KEzJM76R1WiNT5SwZkX4Y75SwBolkpmE7iQ=="
    "resolved" "https://registry.npmmirror.com/follow-redirects/download/follow-redirects-1.14.7.tgz"
    "version" "1.14.7"
  
  "forever-agent@~0.6.1":
    "integrity" "sha1-+8cfDEGt6zf5bFd60e1C2P2sypE="
    "resolved" "https://registry.nlark.com/forever-agent/download/forever-agent-0.6.1.tgz"
    "version" "0.6.1"
  
  "form-data@~2.3.2":
    "integrity" "sha1-3M5SwF9kTymManq5Nr1yTO/786Y="
    "resolved" "https://registry.nlark.com/form-data/download/form-data-2.3.3.tgz"
    "version" "2.3.3"
    dependencies:
      "asynckit" "^0.4.0"
      "combined-stream" "^1.0.6"
      "mime-types" "^2.1.12"
  
  "fs-extra@^10.0.0":
    "integrity" "sha1-n/YbZV3eU/s0qC34S7IUzoAuF8E="
    "resolved" "https://registry.nlark.com/fs-extra/download/fs-extra-10.0.0.tgz?cache=0&sync_timestamp=1622604476909&other_urls=https%3A%2F%2Fregistry.nlark.com%2Ffs-extra%2Fdownload%2Ffs-extra-10.0.0.tgz"
    "version" "10.0.0"
    dependencies:
      "graceful-fs" "^4.2.0"
      "jsonfile" "^6.0.1"
      "universalify" "^2.0.0"
  
  "function-bind@^1.1.1":
    "integrity" "sha1-pWiZ0+o8m6uHS7l3O3xe3pL0iV0="
    "resolved" "https://registry.nlark.com/function-bind/download/function-bind-1.1.1.tgz"
    "version" "1.1.1"
  
  "get-intrinsic@^1.0.2":
    "integrity" "sha1-FfWfN2+FXERpY5SPDSTNNje0q8Y="
    "resolved" "https://registry.npmmirror.com/get-intrinsic/download/get-intrinsic-1.1.1.tgz"
    "version" "1.1.1"
    dependencies:
      "function-bind" "^1.1.1"
      "has" "^1.0.3"
      "has-symbols" "^1.0.1"
  
  "get-stream@^4.0.0":
    "integrity" "sha1-wbJVV189wh1Zv8ec09K0axw6VLU="
    "resolved" "https://registry.nlark.com/get-stream/download/get-stream-4.1.0.tgz"
    "version" "4.1.0"
    dependencies:
      "pump" "^3.0.0"
  
  "getpass@^0.1.1":
    "integrity" "sha1-Xv+OPmhNVprkyysSgmBOi6YhSfo="
    "resolved" "https://registry.npmmirror.com/getpass/download/getpass-0.1.7.tgz"
    "version" "0.1.7"
    dependencies:
      "assert-plus" "^1.0.0"
  
  "graceful-fs@^4.1.2", "graceful-fs@^4.1.6", "graceful-fs@^4.2.0":
    "integrity" "sha512-NtNxqUcXgpW2iMrfqSfR73Glt39K+BLwWsPs94yR63v45T0Wbej7eRmL5cWfwEgqXnmjQp3zaJTshdRW/qC2ZQ=="
    "resolved" "https://registry.npmmirror.com/graceful-fs/download/graceful-fs-4.2.9.tgz"
    "version" "4.2.9"
  
  "har-schema@^2.0.0":
    "integrity" "sha1-qUwiJOvKwEeCoNkDVSHyRzW37JI="
    "resolved" "https://registry.nlark.com/har-schema/download/har-schema-2.0.0.tgz"
    "version" "2.0.0"
  
  "har-validator@~5.1.3":
    "integrity" "sha1-HwgDufjLIMD6E4It8ezds2veHv0="
    "resolved" "https://registry.npmmirror.com/har-validator/download/har-validator-5.1.5.tgz"
    "version" "5.1.5"
    dependencies:
      "ajv" "^6.12.3"
      "har-schema" "^2.0.0"
  
  "has-flag@^3.0.0":
    "integrity" "sha1-tdRU3CGZriJWmfNGfloH87lVuv0="
    "resolved" "https://registry.nlark.com/has-flag/download/has-flag-3.0.0.tgz"
    "version" "3.0.0"
  
  "has-symbols@^1.0.1", "has-symbols@^1.0.2":
    "integrity" "sha1-Fl0wcMADCXUqEjakeTMeOsVvFCM="
    "resolved" "https://registry.nlark.com/has-symbols/download/has-symbols-1.0.2.tgz"
    "version" "1.0.2"
  
  "has-tostringtag@^1.0.0":
    "integrity" "sha1-fhM4GKfTlHNPlB5zw9P5KR5liyU="
    "resolved" "https://registry.nlark.com/has-tostringtag/download/has-tostringtag-1.0.0.tgz"
    "version" "1.0.0"
    dependencies:
      "has-symbols" "^1.0.2"
  
  "has@^1.0.3":
    "integrity" "sha1-ci18v8H2qoJB8W3YFOAR4fQeh5Y="
    "resolved" "https://registry.nlark.com/has/download/has-1.0.3.tgz"
    "version" "1.0.3"
    dependencies:
      "function-bind" "^1.1.1"
  
  "header-case@^2.0.4":
    "integrity" "sha1-WkLmO1UXc0nPQFvrjXdayruSwGM="
    "resolved" "https://registry.npm.taobao.org/header-case/download/header-case-2.0.4.tgz"
    "version" "2.0.4"
    dependencies:
      "capital-case" "^1.0.4"
      "tslib" "^2.0.3"
  
  "hosted-git-info@^2.1.4":
    "integrity" "sha1-3/wL+aIcAiCQkPKqaUKeFBTa8/k="
    "resolved" "https://registry.npmmirror.com/hosted-git-info/download/hosted-git-info-2.8.9.tgz"
    "version" "2.8.9"
  
  "htmlparser2@^7.2.0":
    "integrity" "sha512-H7MImA4MS6cw7nbyURtLPO1Tms7C5H602LRETv95z1MxO/7CP7rDVROehUYeYBUYEON94NXXDEPmZuq+hX4sog=="
    "resolved" "https://registry.npmmirror.com/htmlparser2/download/htmlparser2-7.2.0.tgz?cache=0&sync_timestamp=1636640933377&other_urls=https%3A%2F%2Fregistry.npmmirror.com%2Fhtmlparser2%2Fdownload%2Fhtmlparser2-7.2.0.tgz"
    "version" "7.2.0"
    dependencies:
      "domelementtype" "^2.0.1"
      "domhandler" "^4.2.2"
      "domutils" "^2.8.0"
      "entities" "^3.0.1"
  
  "http-signature@~1.2.0":
    "integrity" "sha1-muzZJRFHcvPZW2WmCruPfBj7rOE="
    "resolved" "https://registry.npmmirror.com/http-signature/download/http-signature-1.2.0.tgz?cache=0&sync_timestamp=1637178620216&other_urls=https%3A%2F%2Fregistry.npmmirror.com%2Fhttp-signature%2Fdownload%2Fhttp-signature-1.2.0.tgz"
    "version" "1.2.0"
    dependencies:
      "assert-plus" "^1.0.0"
      "jsprim" "^1.2.2"
      "sshpk" "^1.7.0"
  
  "iconv-lite@^0.4.4":
    "integrity" "sha1-ICK0sl+93CHS9SSXSkdKr+czkIs="
    "resolved" "https://registry.nlark.com/iconv-lite/download/iconv-lite-0.4.24.tgz"
    "version" "0.4.24"
    dependencies:
      "safer-buffer" ">= 2.1.2 < 3"
  
  "image-size@~0.5.0":
    "integrity" "sha1-Cd/Uq50g4p6xw+gLiZA3jfnjy5w="
    "resolved" "https://registry.npmmirror.com/image-size/download/image-size-0.5.5.tgz"
    "version" "0.5.5"
  
  "is-arrayish@^0.2.1":
    "integrity" "sha1-d8mYQFJ6qOyxqLppe4BkWnqSap0="
    "resolved" "https://registry.npmmirror.com/is-arrayish/download/is-arrayish-0.2.1.tgz"
    "version" "0.2.1"
  
  "is-core-module@^2.8.0":
    "integrity" "sha512-SdNCUs284hr40hFTFP6l0IfZ/RSrMXF3qgoRHd3/79unUTvrFO/JoXwkGm+5J/Oe3E/b5GsnG330uUNgRpu1PA=="
    "resolved" "https://registry.npmmirror.com/is-core-module/download/is-core-module-2.8.1.tgz"
    "version" "2.8.1"
    dependencies:
      "has" "^1.0.3"
  
  "is-expression@^4.0.0":
    "integrity" "sha1-wzFVliq/IdCv0lUlFNZ9LsFv0qs="
    "resolved" "https://registry.npm.taobao.org/is-expression/download/is-expression-4.0.0.tgz"
    "version" "4.0.0"
    dependencies:
      "acorn" "^7.1.1"
      "object-assign" "^4.1.1"
  
  "is-promise@^2.0.0":
    "integrity" "sha1-OauVnMv5p3TPB597QMeib3YxNfE="
    "resolved" "https://registry.nlark.com/is-promise/download/is-promise-2.2.2.tgz"
    "version" "2.2.2"
  
  "is-regex@^1.0.3":
    "integrity" "sha1-7vVmPNWfpMCuM5UFMj32hUuxWVg="
    "resolved" "https://registry.nlark.com/is-regex/download/is-regex-1.1.4.tgz?cache=0&sync_timestamp=1628221905423&other_urls=https%3A%2F%2Fregistry.nlark.com%2Fis-regex%2Fdownload%2Fis-regex-1.1.4.tgz"
    "version" "1.1.4"
    dependencies:
      "call-bind" "^1.0.2"
      "has-tostringtag" "^1.0.0"
  
  "is-stream@^1.1.0":
    "integrity" "sha1-EtSj3U5o4Lec6428hBc66A2RykQ="
    "resolved" "https://registry.nlark.com/is-stream/download/is-stream-1.1.0.tgz"
    "version" "1.1.0"
  
  "is-typedarray@~1.0.0":
    "integrity" "sha1-5HnICFjfDBsR3dppQPlgEfzaSpo="
    "resolved" "https://registry.nlark.com/is-typedarray/download/is-typedarray-1.0.0.tgz"
    "version" "1.0.0"
  
  "is-what@^3.12.0":
    "integrity" "sha1-4SIvRt3ahd6tD9HJ3xMXYOd3VcE="
    "resolved" "https://registry.npmmirror.com/is-what/download/is-what-3.14.1.tgz"
    "version" "3.14.1"
  
  "is-wsl@^1.1.0":
    "integrity" "sha1-HxbkqiKwTRM2tmGIpmrzxgDDpm0="
    "resolved" "https://registry.nlark.com/is-wsl/download/is-wsl-1.1.0.tgz"
    "version" "1.1.0"
  
  "isexe@^2.0.0":
    "integrity" "sha1-6PvzdNxVb/iUehDcsFctYz8s+hA="
    "resolved" "https://registry.npmmirror.com/isexe/download/isexe-2.0.0.tgz"
    "version" "2.0.0"
  
  "isstream@~0.1.2":
    "integrity" "sha1-R+Y/evVa+m+S4VAOaQ64uFKcCZo="
    "resolved" "https://registry.npmmirror.com/isstream/download/isstream-0.1.2.tgz"
    "version" "0.1.2"
  
  "js-message@1.0.7":
    "integrity" "sha1-+93QU8ekcCGHG7iyyVOXzBfCDkc="
    "resolved" "https://registry.nlark.com/js-message/download/js-message-1.0.7.tgz"
    "version" "1.0.7"
  
  "js-queue@2.0.2":
    "integrity" "sha512-pbKLsbCfi7kriM3s1J4DDCo7jQkI58zPLHi0heXPzPlj0hjUsm+FesPUbE0DSbIVIK503A36aUBoCN7eMFedkA=="
    "resolved" "https://registry.npmmirror.com/js-queue/download/js-queue-2.0.2.tgz"
    "version" "2.0.2"
    dependencies:
      "easy-stack" "^1.0.1"
  
  "js-stringify@^1.0.2":
    "integrity" "sha1-Fzb939lyTyijaCrcYjCufk6Weds="
    "resolved" "https://registry.npmmirror.com/js-stringify/download/js-stringify-1.0.2.tgz"
    "version" "1.0.2"
  
  "js-tokens@^4.0.0":
    "integrity" "sha1-GSA/tZmR35jjoocFDUZHzerzJJk="
    "resolved" "https://registry.npmmirror.com/js-tokens/download/js-tokens-4.0.0.tgz"
    "version" "4.0.0"
  
  "jsbn@~0.1.0":
    "integrity" "sha1-peZUwuWi3rXyAdls77yoDA7y9RM="
    "resolved" "https://registry.nlark.com/jsbn/download/jsbn-0.1.1.tgz"
    "version" "0.1.1"
  
  "json-parse-even-better-errors@^2.3.0":
    "integrity" "sha1-fEeAWpQxmSjgV3dAXcEuH3pO4C0="
    "resolved" "https://registry.npm.taobao.org/json-parse-even-better-errors/download/json-parse-even-better-errors-2.3.1.tgz"
    "version" "2.3.1"
  
  "json-schema-traverse@^0.4.1":
    "integrity" "sha1-afaofZUTq4u4/mO9sJecRI5oRmA="
    "resolved" "https://registry.npmmirror.com/json-schema-traverse/download/json-schema-traverse-0.4.1.tgz"
    "version" "0.4.1"
  
  "json-schema@0.4.0":
    "integrity" "sha512-es94M3nTIfsEPisRafak+HDLfHXnKBhV3vU5eqPcS3flIWqcxJWgXHXiey3YrpaNsanY5ei1VoYEbOzijuq9BA=="
    "resolved" "https://registry.npmmirror.com/json-schema/download/json-schema-0.4.0.tgz?cache=0&sync_timestamp=1636423497332&other_urls=https%3A%2F%2Fregistry.npmmirror.com%2Fjson-schema%2Fdownload%2Fjson-schema-0.4.0.tgz"
    "version" "0.4.0"
  
  "json-stringify-safe@~5.0.1":
    "integrity" "sha1-Epai1Y/UXxmg9s4B1lcB4sc1tus="
    "resolved" "https://registry.nlark.com/json-stringify-safe/download/json-stringify-safe-5.0.1.tgz"
    "version" "5.0.1"
  
  "jsonc-parser@^2.3.0":
    "integrity" "sha1-WVSRULEz8u+sykj+nOHsBlmvI0I="
    "resolved" "https://registry.nlark.com/jsonc-parser/download/jsonc-parser-2.3.1.tgz"
    "version" "2.3.1"
  
  "jsonc-parser@^3.0.0":
    "integrity" "sha1-q914VwHH5+rKip7IzwcMpRp0WiI="
    "resolved" "https://registry.nlark.com/jsonc-parser/download/jsonc-parser-3.0.0.tgz"
    "version" "3.0.0"
  
  "jsonfile@^6.0.1":
    "integrity" "sha1-vFWyY0eTxnnsZAMJTrE2mKbsCq4="
    "resolved" "https://registry.nlark.com/jsonfile/download/jsonfile-6.1.0.tgz"
    "version" "6.1.0"
    dependencies:
      "universalify" "^2.0.0"
    optionalDependencies:
      "graceful-fs" "^4.1.6"
  
  "jsprim@^1.2.2":
    "integrity" "sha512-P2bSOMAc/ciLz6DzgjVlGJP9+BrJWu5UDGK70C2iweC5QBIeFf0ZXRvGjEj2uYgrY2MkAAhsSWHDWlFtEroZWw=="
    "resolved" "https://registry.npmmirror.com/jsprim/download/jsprim-1.4.2.tgz"
    "version" "1.4.2"
    dependencies:
      "assert-plus" "1.0.0"
      "extsprintf" "1.3.0"
      "json-schema" "0.4.0"
      "verror" "1.10.0"
  
  "jstransformer@1.0.0":
    "integrity" "sha1-7Yvwkh4vPx7U1cGkT2hwntJHIsM="
    "resolved" "https://registry.npmmirror.com/jstransformer/download/jstransformer-1.0.0.tgz"
    "version" "1.0.0"
    dependencies:
      "is-promise" "^2.0.0"
      "promise" "^7.0.1"
  
  "klona@^2.0.4":
    "integrity" "sha1-0WZXTZAHY5XZljqnqSj6u412r7w="
    "resolved" "https://registry.npmmirror.com/klona/download/klona-2.0.5.tgz"
    "version" "2.0.5"
  
  "launch-editor@^2.2.1":
    "integrity" "sha512-3QrsCXejlWYHjBPFXTyGNhPj4rrQdB+5+r5r3wArpLH201aR+nWUgw/zKKkTmilCfY/sv6u8qo98pNvtg8LUTA=="
    "resolved" "https://registry.npmmirror.com/launch-editor/download/launch-editor-2.3.0.tgz"
    "version" "2.3.0"
    dependencies:
      "picocolors" "^1.0.0"
      "shell-quote" "^1.6.1"
  
  "less-loader@^10.2.0":
    "integrity" "sha512-AV5KHWvCezW27GT90WATaDnfXBv99llDbtaj4bshq6DvAihMdNjaPDcUMa6EXKLRF+P2opFenJp89BXg91XLYg=="
    "resolved" "https://registry.npmmirror.com/less-loader/download/less-loader-10.2.0.tgz"
    "version" "10.2.0"
    dependencies:
      "klona" "^2.0.4"
  
  "less@*", "less@^3.5.0 || ^4.0.0", "less@^4.1.2":
    "integrity" "sha512-EoQp/Et7OSOVu0aJknJOtlXZsnr8XE8KwuzTHOLeVSEx8pVWUICc8Q0VYRHgzyjX78nMEyC/oztWFbgyhtNfDA=="
    "resolved" "https://registry.npmmirror.com/less/download/less-4.1.2.tgz"
    "version" "4.1.2"
    dependencies:
      "copy-anything" "^2.0.1"
      "parse-node-version" "^1.0.1"
      "tslib" "^2.3.0"
    optionalDependencies:
      "errno" "^0.1.1"
      "graceful-fs" "^4.1.2"
      "image-size" "~0.5.0"
      "make-dir" "^2.1.0"
      "mime" "^1.4.1"
      "needle" "^2.5.2"
      "source-map" "~0.6.0"
  
  "lines-and-columns@^1.1.6":
    "integrity" "sha512-7ylylesZQ/PV29jhEDl3Ufjo6ZX7gCqJr5F7PKrqc93v7fzSymt1BpwEU8nAUXs8qzzvqhbjhK5QZg6Mt/HkBg=="
    "resolved" "https://registry.npmmirror.com/lines-and-columns/download/lines-and-columns-1.2.4.tgz"
    "version" "1.2.4"
  
  "log-symbols@^2.2.0":
    "integrity" "sha1-V0Dhxdbw39pK2TI7UzIQfva0xAo="
    "resolved" "https://registry.npmmirror.com/log-symbols/download/log-symbols-2.2.0.tgz"
    "version" "2.2.0"
    dependencies:
      "chalk" "^2.0.1"
  
  "lower-case@^2.0.2":
    "integrity" "sha1-b6I3xj29xKgsoP2ILkci3F5jTig="
    "resolved" "https://registry.npm.taobao.org/lower-case/download/lower-case-2.0.2.tgz?cache=0&sync_timestamp=1606867333511&other_urls=https%3A%2F%2Fregistry.npm.taobao.org%2Flower-case%2Fdownload%2Flower-case-2.0.2.tgz"
    "version" "2.0.2"
    dependencies:
      "tslib" "^2.0.3"
  
  "lru-cache@^5.1.1":
    "integrity" "sha1-HaJ+ZxAnGUdpXa9oSOhH8B2EuSA="
    "resolved" "https://registry.nlark.com/lru-cache/download/lru-cache-5.1.1.tgz"
    "version" "5.1.1"
    dependencies:
      "yallist" "^3.0.2"
  
  "lru-cache@^6.0.0":
    "integrity" "sha1-bW/mVw69lqr5D8rR2vo7JWbbOpQ="
    "resolved" "https://registry.nlark.com/lru-cache/download/lru-cache-6.0.0.tgz"
    "version" "6.0.0"
    dependencies:
      "yallist" "^4.0.0"
  
  "magic-string@^0.25.7":
    "integrity" "sha1-P0l9b9NMZpxnmNy4IfLvMfVEUFE="
    "resolved" "https://registry.nlark.com/magic-string/download/magic-string-0.25.7.tgz"
    "version" "0.25.7"
    dependencies:
      "sourcemap-codec" "^1.4.4"
  
  "make-dir@^2.1.0":
    "integrity" "sha1-XwMQ4YuL6JjMBwCSlaMK5B6R5vU="
    "resolved" "https://registry.npm.taobao.org/make-dir/download/make-dir-2.1.0.tgz"
    "version" "2.1.0"
    dependencies:
      "pify" "^4.0.1"
      "semver" "^5.6.0"
  
  "mime-db@1.51.0":
    "integrity" "sha512-5y8A56jg7XVQx2mbv1lu49NR4dokRnhZYTtL+KGfaa27uq4pSTXkwQkFJl4pkRMyNFz/EtYDSkiiEHx3F7UN6g=="
    "resolved" "https://registry.npmmirror.com/mime-db/download/mime-db-1.51.0.tgz?cache=0&sync_timestamp=1636426024486&other_urls=https%3A%2F%2Fregistry.npmmirror.com%2Fmime-db%2Fdownload%2Fmime-db-1.51.0.tgz"
    "version" "1.51.0"
  
  "mime-types@^2.1.12", "mime-types@~2.1.19":
    "integrity" "sha512-6cP692WwGIs9XXdOO4++N+7qjqv0rqxxVvJ3VHPh/Sc9mVZcQP+ZGhkKiTvWMQRr2tbHkJP/Yn7Y0npb3ZBs4A=="
    "resolved" "https://registry.npmmirror.com/mime-types/download/mime-types-2.1.34.tgz?cache=0&sync_timestamp=1636432244120&other_urls=https%3A%2F%2Fregistry.npmmirror.com%2Fmime-types%2Fdownload%2Fmime-types-2.1.34.tgz"
    "version" "2.1.34"
    dependencies:
      "mime-db" "1.51.0"
  
  "mime@^1.4.1":
    "integrity" "sha1-Ms2eXGRVO9WNGaVor0Uqz/BJgbE="
    "resolved" "https://registry.npmmirror.com/mime/download/mime-1.6.0.tgz"
    "version" "1.6.0"
  
  "mimic-fn@^1.0.0":
    "integrity" "sha1-ggyGo5M0ZA6ZUWkovQP8qIBX0CI="
    "resolved" "https://registry.npmmirror.com/mimic-fn/download/mimic-fn-1.2.0.tgz"
    "version" "1.2.0"
  
  "moment@2.29.1":
    "integrity" "sha512-kHmoybcPV8Sqy59DwNDY3Jefr64lK/by/da0ViFcuA4DH0vQg5Q6Ze5VimxkfQNSC+Mls/Kx53s7TjP1RhFEDQ=="
    "resolved" "https://registry.npmmirror.com/moment/download/moment-2.29.1.tgz"
    "version" "2.29.1"
  
  "ms@^2.1.1":
    "integrity" "sha1-V0yBOM4dK1hh8LRFedut1gxmFbI="
    "resolved" "https://registry.npmmirror.com/ms/download/ms-2.1.3.tgz"
    "version" "2.1.3"
  
  "ms@2.1.2":
    "integrity" "sha1-0J0fNXtEP0kzgqjrPM0YOHKuYAk="
    "resolved" "https://registry.npmmirror.com/ms/download/ms-2.1.2.tgz"
    "version" "2.1.2"
  
  "nanoid@^3.1.30":
    "integrity" "sha512-fmsZYa9lpn69Ad5eDn7FMcnnSR+8R34W9qJEijxYhTbfOWzr22n1QxCMzXLK+ODyW2973V3Fux959iQoUxzUIA=="
    "resolved" "https://registry.npmmirror.com/nanoid/download/nanoid-3.2.0.tgz"
    "version" "3.2.0"
  
  "needle@^2.5.2":
    "integrity" "sha1-ItHf++NJDCuD4wH3cJtnNs2PJoQ="
    "resolved" "https://registry.nlark.com/needle/download/needle-2.9.1.tgz?cache=0&sync_timestamp=1630674912294&other_urls=https%3A%2F%2Fregistry.nlark.com%2Fneedle%2Fdownload%2Fneedle-2.9.1.tgz"
    "version" "2.9.1"
    dependencies:
      "debug" "^3.2.6"
      "iconv-lite" "^0.4.4"
      "sax" "^1.2.4"
  
  "nice-try@^1.0.4":
    "integrity" "sha1-ozeKdpbOfSI+iPybdkvX7xCJ42Y="
    "resolved" "https://registry.nlark.com/nice-try/download/nice-try-1.0.5.tgz"
    "version" "1.0.5"
  
  "no-case@^3.0.4":
    "integrity" "sha1-02H9XJgA9VhVGoNp/A3NRmK2Ek0="
    "resolved" "https://registry.npm.taobao.org/no-case/download/no-case-3.0.4.tgz?cache=0&sync_timestamp=1606867308811&other_urls=https%3A%2F%2Fregistry.npm.taobao.org%2Fno-case%2Fdownload%2Fno-case-3.0.4.tgz"
    "version" "3.0.4"
    dependencies:
      "lower-case" "^2.0.2"
      "tslib" "^2.0.3"
  
  "node-ipc@^9.1.1":
    "integrity" "sha1-sy9mEV+dbOhB3E7CAJ1qcz+Yu2s="
    "resolved" "https://registry.nlark.com/node-ipc/download/node-ipc-9.2.1.tgz?cache=0&sync_timestamp=1631753661352&other_urls=https%3A%2F%2Fregistry.nlark.com%2Fnode-ipc%2Fdownload%2Fnode-ipc-9.2.1.tgz"
    "version" "9.2.1"
    dependencies:
      "event-pubsub" "4.3.0"
      "js-message" "1.0.7"
      "js-queue" "2.0.2"
  
  "normalize-package-data@^2.5.0":
    "integrity" "sha1-5m2xg4sgDB38IzIl0SyzZSDiNKg="
    "resolved" "https://registry.npmmirror.com/normalize-package-data/download/normalize-package-data-2.5.0.tgz"
    "version" "2.5.0"
    dependencies:
      "hosted-git-info" "^2.1.4"
      "resolve" "^1.10.0"
      "semver" "2 || 3 || 4 || 5"
      "validate-npm-package-license" "^3.0.1"
  
  "npm-run-path@^2.0.0":
    "integrity" "sha1-NakjLfo11wZ7TLLd8jV7GHFTbF8="
    "resolved" "https://registry.npmmirror.com/npm-run-path/download/npm-run-path-2.0.2.tgz?cache=0&sync_timestamp=1633420566316&other_urls=https%3A%2F%2Fregistry.npmmirror.com%2Fnpm-run-path%2Fdownload%2Fnpm-run-path-2.0.2.tgz"
    "version" "2.0.2"
    dependencies:
      "path-key" "^2.0.0"
  
  "oauth-sign@~0.9.0":
    "integrity" "sha1-R6ewFrqmi1+g7PPe4IqFxnmsZFU="
    "resolved" "https://registry.nlark.com/oauth-sign/download/oauth-sign-0.9.0.tgz"
    "version" "0.9.0"
  
  "object-assign@^4.1.1":
    "integrity" "sha1-IQmtx5ZYh8/AXLvUQsrIv7s2CGM="
    "resolved" "https://registry.npmmirror.com/object-assign/download/object-assign-4.1.1.tgz?cache=0&sync_timestamp=1632811811547&other_urls=https%3A%2F%2Fregistry.npmmirror.com%2Fobject-assign%2Fdownload%2Fobject-assign-4.1.1.tgz"
    "version" "4.1.1"
  
  "once@^1.3.1", "once@^1.4.0":
    "integrity" "sha1-WDsap3WWHUsROsF9nFC6753Xa9E="
    "resolved" "https://registry.nlark.com/once/download/once-1.4.0.tgz"
    "version" "1.4.0"
    dependencies:
      "wrappy" "1"
  
  "onetime@^2.0.0":
    "integrity" "sha1-BnQoIw/WdEOyeUsiu6UotoZ5YtQ="
    "resolved" "https://registry.npmmirror.com/onetime/download/onetime-2.0.1.tgz"
    "version" "2.0.1"
    dependencies:
      "mimic-fn" "^1.0.0"
  
  "open@^6.3.0":
    "integrity" "sha1-XBPpbQ3IlGhhZPGJZez+iJ7PyKk="
    "resolved" "https://registry.npmmirror.com/open/download/open-6.4.0.tgz?cache=0&sync_timestamp=1635048361939&other_urls=https%3A%2F%2Fregistry.npmmirror.com%2Fopen%2Fdownload%2Fopen-6.4.0.tgz"
    "version" "6.4.0"
    dependencies:
      "is-wsl" "^1.1.0"
  
  "ora@^3.4.0":
    "integrity" "sha1-vwdSSRBZo+8+1MhQl1Md6f280xg="
    "resolved" "https://registry.npmmirror.com/ora/download/ora-3.4.0.tgz?cache=0&sync_timestamp=1634216724166&other_urls=https%3A%2F%2Fregistry.npmmirror.com%2Fora%2Fdownload%2Fora-3.4.0.tgz"
    "version" "3.4.0"
    dependencies:
      "chalk" "^2.4.2"
      "cli-cursor" "^2.1.0"
      "cli-spinners" "^2.0.0"
      "log-symbols" "^2.2.0"
      "strip-ansi" "^5.2.0"
      "wcwidth" "^1.0.1"
  
  "p-finally@^1.0.0":
    "integrity" "sha1-P7z7FbiZpEEjs0ttzBi3JDNqLK4="
    "resolved" "https://registry.npmmirror.com/p-finally/download/p-finally-1.0.0.tgz"
    "version" "1.0.0"
  
  "param-case@^3.0.4":
    "integrity" "sha1-fRf+SqEr3jTUp32RrPtiGcqtAcU="
    "resolved" "https://registry.npm.taobao.org/param-case/download/param-case-3.0.4.tgz?cache=0&sync_timestamp=1606867292797&other_urls=https%3A%2F%2Fregistry.npm.taobao.org%2Fparam-case%2Fdownload%2Fparam-case-3.0.4.tgz"
    "version" "3.0.4"
    dependencies:
      "dot-case" "^3.0.4"
      "tslib" "^2.0.3"
  
  "parse-json@^5.0.0":
    "integrity" "sha1-x2/Gbe5UIxyWKyK8yKcs8vmXU80="
    "resolved" "https://registry.npmmirror.com/parse-json/download/parse-json-5.2.0.tgz?cache=0&sync_timestamp=1637475717072&other_urls=https%3A%2F%2Fregistry.npmmirror.com%2Fparse-json%2Fdownload%2Fparse-json-5.2.0.tgz"
    "version" "5.2.0"
    dependencies:
      "@babel/code-frame" "^7.0.0"
      "error-ex" "^1.3.1"
      "json-parse-even-better-errors" "^2.3.0"
      "lines-and-columns" "^1.1.6"
  
  "parse-node-version@^1.0.1":
    "integrity" "sha1-4rXb7eAOf6m8NjYH9TMn6LBzGJs="
    "resolved" "https://registry.npmmirror.com/parse-node-version/download/parse-node-version-1.0.1.tgz"
    "version" "1.0.1"
  
  "pascal-case@^3.1.2":
    "integrity" "sha1-tI4O8rmOIF58Ha50fQsVCCN2YOs="
    "resolved" "https://registry.npm.taobao.org/pascal-case/download/pascal-case-3.1.2.tgz?cache=0&sync_timestamp=1606867325163&other_urls=https%3A%2F%2Fregistry.npm.taobao.org%2Fpascal-case%2Fdownload%2Fpascal-case-3.1.2.tgz"
    "version" "3.1.2"
    dependencies:
      "no-case" "^3.0.4"
      "tslib" "^2.0.3"
  
  "path-case@^3.0.4":
    "integrity" "sha1-kWhkUzTrlCZYN1xW+AtMDLX4LG8="
    "resolved" "https://registry.npm.taobao.org/path-case/download/path-case-3.0.4.tgz?cache=0&sync_timestamp=1606867325967&other_urls=https%3A%2F%2Fregistry.npm.taobao.org%2Fpath-case%2Fdownload%2Fpath-case-3.0.4.tgz"
    "version" "3.0.4"
    dependencies:
      "dot-case" "^3.0.4"
      "tslib" "^2.0.3"
  
  "path-key@^2.0.0", "path-key@^2.0.1":
    "integrity" "sha1-QRyttXTFoUDTpLGRDUDYDMn0C0A="
    "resolved" "https://registry.npm.taobao.org/path-key/download/path-key-2.0.1.tgz?cache=0&sync_timestamp=1617971691339&other_urls=https%3A%2F%2Fregistry.npm.taobao.org%2Fpath-key%2Fdownload%2Fpath-key-2.0.1.tgz"
    "version" "2.0.1"
  
  "path-parse@^1.0.7":
    "integrity" "sha1-+8EUtgykKzDZ2vWFjkvWi77bZzU="
    "resolved" "https://registry.nlark.com/path-parse/download/path-parse-1.0.7.tgz"
    "version" "1.0.7"
  
  "performance-now@^2.1.0":
    "integrity" "sha1-Ywn04OX6kT7BxpMHrjZLSzd8nns="
    "resolved" "https://registry.npmmirror.com/performance-now/download/performance-now-2.1.0.tgz"
    "version" "2.1.0"
  
  "picocolors@^1.0.0":
    "integrity" "sha1-y1vcdP8/UYkiNur3nWi8RFZKuBw="
    "resolved" "https://registry.npmmirror.com/picocolors/download/picocolors-1.0.0.tgz?cache=0&sync_timestamp=1634093339035&other_urls=https%3A%2F%2Fregistry.npmmirror.com%2Fpicocolors%2Fdownload%2Fpicocolors-1.0.0.tgz"
    "version" "1.0.0"
  
  "picomatch@^2.2.2":
    "integrity" "sha512-JU3teHTNjmE2VCGFzuY8EXzCDVwEqB2a8fsIvwaStHhAWJEeVd1o1QD80CU6+ZdEXXSLbSsuLwJjkCBWqRQUVA=="
    "resolved" "https://registry.npmmirror.com/picomatch/download/picomatch-2.3.1.tgz"
    "version" "2.3.1"
  
  "pify@^4.0.1":
    "integrity" "sha1-SyzSXFDVmHNcUCkiJP2MbfQeMjE="
    "resolved" "https://registry.npm.taobao.org/pify/download/pify-4.0.1.tgz"
    "version" "4.0.1"
  
  "pinia@^2.0.9":
    "integrity" "sha512-iuYdxLJKQ07YPyOHYH05wNG9eKWqkP/4y4GE8+RqEYtz5fwHgPA5kr6zQbg/DoEJGnR2XCm1w1vdt6ppzL9ATg=="
    "resolved" "https://registry.npmmirror.com/pinia/download/pinia-2.0.9.tgz"
    "version" "2.0.9"
    dependencies:
      "@vue/devtools-api" "^6.0.0-beta.21"
      "vue-demi" "*"
  
  "postcss@^8.1.10", "postcss@^8.4.5":
    "integrity" "sha512-jBDboWM8qpaqwkMwItqTQTiFikhs/67OYVvblFFTM7MrZjt6yMKd6r2kgXizEbTTljacm4NldIlZnhbjr84QYg=="
    "resolved" "https://registry.npmmirror.com/postcss/download/postcss-8.4.5.tgz"
    "version" "8.4.5"
    dependencies:
      "nanoid" "^3.1.30"
      "picocolors" "^1.0.0"
      "source-map-js" "^1.0.1"
  
  "promise@^7.0.1":
    "integrity" "sha1-BktyYCsY+Q8pGSuLG8QY/9Hr078="
    "resolved" "https://registry.nlark.com/promise/download/promise-7.3.1.tgz"
    "version" "7.3.1"
    dependencies:
      "asap" "~2.0.3"
  
  "prr@~1.0.1":
    "integrity" "sha1-0/wRS6BplaRexok/SEzrHXj19HY="
    "resolved" "https://registry.npm.taobao.org/prr/download/prr-1.0.1.tgz"
    "version" "1.0.1"
  
  "psl@^1.1.28":
    "integrity" "sha1-kyb4vPsBOtzABf3/BWrM4CDlHCQ="
    "resolved" "https://registry.nlark.com/psl/download/psl-1.8.0.tgz"
    "version" "1.8.0"
  
  "pug-attrs@^3.0.0":
    "integrity" "sha1-sQRR4DSBZeMfrRzCPr3dncc0fEE="
    "resolved" "https://registry.npmmirror.com/pug-attrs/download/pug-attrs-3.0.0.tgz"
    "version" "3.0.0"
    dependencies:
      "constantinople" "^4.0.1"
      "js-stringify" "^1.0.2"
      "pug-runtime" "^3.0.0"
  
  "pug-code-gen@^3.0.2":
    "integrity" "sha1-rRkPSUMTO/GGtguA3kgxAOEy4s4="
    "resolved" "https://registry.npmmirror.com/pug-code-gen/download/pug-code-gen-3.0.2.tgz"
    "version" "3.0.2"
    dependencies:
      "constantinople" "^4.0.1"
      "doctypes" "^1.1.0"
      "js-stringify" "^1.0.2"
      "pug-attrs" "^3.0.0"
      "pug-error" "^2.0.0"
      "pug-runtime" "^3.0.0"
      "void-elements" "^3.1.0"
      "with" "^7.0.0"
  
  "pug-error@^2.0.0":
    "integrity" "sha1-XGIXPLCcNN4qLOBPF7it/sdNjKU="
    "resolved" "https://registry.npmmirror.com/pug-error/download/pug-error-2.0.0.tgz"
    "version" "2.0.0"
  
  "pug-filters@^4.0.0":
    "integrity" "sha1-0+Sa9bqEcum3pm2YDnB86dLMm14="
    "resolved" "https://registry.npmmirror.com/pug-filters/download/pug-filters-4.0.0.tgz"
    "version" "4.0.0"
    dependencies:
      "constantinople" "^4.0.1"
      "jstransformer" "1.0.0"
      "pug-error" "^2.0.0"
      "pug-walk" "^2.0.0"
      "resolve" "^1.15.1"
  
  "pug-lexer@^5.0.1":
    "integrity" "sha1-rkRijFvvmxkLZlaDsojKkCS4sNU="
    "resolved" "https://registry.npm.taobao.org/pug-lexer/download/pug-lexer-5.0.1.tgz"
    "version" "5.0.1"
    dependencies:
      "character-parser" "^2.2.0"
      "is-expression" "^4.0.0"
      "pug-error" "^2.0.0"
  
  "pug-linker@^4.0.0":
    "integrity" "sha1-EsvAWU/Fo+Brn8Web5PBRpYqdwg="
    "resolved" "https://registry.nlark.com/pug-linker/download/pug-linker-4.0.0.tgz"
    "version" "4.0.0"
    dependencies:
      "pug-error" "^2.0.0"
      "pug-walk" "^2.0.0"
  
  "pug-load@^3.0.0":
    "integrity" "sha1-n9nNpSICsIrbEdJWgfufNL1BtmI="
    "resolved" "https://registry.npmmirror.com/pug-load/download/pug-load-3.0.0.tgz"
    "version" "3.0.0"
    dependencies:
      "object-assign" "^4.1.1"
      "pug-walk" "^2.0.0"
  
  "pug-parser@^6.0.0":
    "integrity" "sha1-qP3ANYY6lbLB3F6/Ts+AtOdqEmA="
    "resolved" "https://registry.npm.taobao.org/pug-parser/download/pug-parser-6.0.0.tgz"
    "version" "6.0.0"
    dependencies:
      "pug-error" "^2.0.0"
      "token-stream" "1.0.0"
  
  "pug-runtime@^3.0.0", "pug-runtime@^3.0.1":
    "integrity" "sha1-9jaXYgRyPzWoxfb61qzaKhkbg9c="
    "resolved" "https://registry.nlark.com/pug-runtime/download/pug-runtime-3.0.1.tgz"
    "version" "3.0.1"
  
  "pug-strip-comments@^2.0.0":
    "integrity" "sha1-+UsH/WtJVSMzD0kKf1VLT/h2MD4="
    "resolved" "https://registry.nlark.com/pug-strip-comments/download/pug-strip-comments-2.0.0.tgz"
    "version" "2.0.0"
    dependencies:
      "pug-error" "^2.0.0"
  
  "pug-walk@^2.0.0":
    "integrity" "sha1-QXqrwpIyu0SZtbUGmistKiTV9f4="
    "resolved" "https://registry.npm.taobao.org/pug-walk/download/pug-walk-2.0.0.tgz"
    "version" "2.0.0"
  
  "pug@^3.0.2":
    "integrity" "sha1-81xxBzQ0VOQ7wnrg/3bHMbeOpTU="
    "resolved" "https://registry.npmmirror.com/pug/download/pug-3.0.2.tgz"
    "version" "3.0.2"
    dependencies:
      "pug-code-gen" "^3.0.2"
      "pug-filters" "^4.0.0"
      "pug-lexer" "^5.0.1"
      "pug-linker" "^4.0.0"
      "pug-load" "^3.0.0"
      "pug-parser" "^6.0.0"
      "pug-runtime" "^3.0.1"
      "pug-strip-comments" "^2.0.0"
  
  "pump@^3.0.0":
    "integrity" "sha1-tKIRaBW94vTh6mAjVOjHVWUQemQ="
    "resolved" "https://registry.nlark.com/pump/download/pump-3.0.0.tgz"
    "version" "3.0.0"
    dependencies:
      "end-of-stream" "^1.1.0"
      "once" "^1.3.1"
  
  "punycode@^2.1.0", "punycode@^2.1.1":
    "integrity" "sha1-tYsBCsQMIsVldhbI0sLALHv0eew="
    "resolved" "https://registry.npmmirror.com/punycode/download/punycode-2.1.1.tgz"
    "version" "2.1.1"
  
  "qs@~6.5.2":
    "integrity" "sha512-qxXIEh4pCGfHICj1mAJQ2/2XVZkjCDTcEgfoSQxc/fYivUZxTkk7L3bDBJSoNrEzXI17oUO5Dp07ktqE5KzczA=="
    "resolved" "https://registry.npmmirror.com/qs/download/qs-6.5.3.tgz"
    "version" "6.5.3"
  
  "read-pkg@^5.1.1":
    "integrity" "sha1-e/KVQ4yloz5WzTDgU7NO5yUMk8w="
    "resolved" "https://registry.nlark.com/read-pkg/download/read-pkg-5.2.0.tgz"
    "version" "5.2.0"
    dependencies:
      "@types/normalize-package-data" "^2.4.0"
      "normalize-package-data" "^2.5.0"
      "parse-json" "^5.0.0"
      "type-fest" "^0.6.0"
  
  "regenerator-runtime@^0.13.9":
    "integrity" "sha512-p3VT+cOEgxFsRRA9X4lkI1E+k2/CtnKtU4gcxyaCUreilL/vqI6CdZ3wxVUx3UOUg+gnUOQQcRI7BmSI656MYA=="
    "resolved" "https://registry.npmmirror.com/regenerator-runtime/download/regenerator-runtime-0.13.9.tgz"
    "version" "0.13.9"
  
  "request@^2.88.2":
    "integrity" "sha512-MsvtOrfG9ZcrOwAW+Qi+F6HbD0CWXEh9ou77uOb7FM2WPhwT7smM833PzanhJLsgXjN89Ir6V2PczXNnMpwKhw=="
    "resolved" "https://registry.npmmirror.com/request/download/request-2.88.2.tgz"
    "version" "2.88.2"
    dependencies:
      "aws-sign2" "~0.7.0"
      "aws4" "^1.8.0"
      "caseless" "~0.12.0"
      "combined-stream" "~1.0.6"
      "extend" "~3.0.2"
      "forever-agent" "~0.6.1"
      "form-data" "~2.3.2"
      "har-validator" "~5.1.3"
      "http-signature" "~1.2.0"
      "is-typedarray" "~1.0.0"
      "isstream" "~0.1.2"
      "json-stringify-safe" "~5.0.1"
      "mime-types" "~2.1.19"
      "oauth-sign" "~0.9.0"
      "performance-now" "^2.1.0"
      "qs" "~6.5.2"
      "safe-buffer" "^5.1.2"
      "tough-cookie" "~2.5.0"
      "tunnel-agent" "^0.6.0"
      "uuid" "^3.3.2"
  
  "resolve@^1.10.0", "resolve@^1.15.1", "resolve@^1.20.0":
    "integrity" "sha512-3wCbTpk5WJlyE4mSOtDLhqQmGFi0/TD9VPwmiolnk8U0wRgMEktqCXd3vy5buTO3tljvalNvKrjHEfrd2WpEKA=="
    "resolved" "https://registry.npmmirror.com/resolve/download/resolve-1.21.0.tgz"
    "version" "1.21.0"
    dependencies:
      "is-core-module" "^2.8.0"
      "path-parse" "^1.0.7"
      "supports-preserve-symlinks-flag" "^1.0.0"
  
  "restore-cursor@^2.0.0":
    "integrity" "sha1-n37ih/gv0ybU/RYpI9YhKe7g368="
    "resolved" "https://registry.npmmirror.com/restore-cursor/download/restore-cursor-2.0.0.tgz"
    "version" "2.0.0"
    dependencies:
      "onetime" "^2.0.0"
      "signal-exit" "^3.0.2"
  
  "rollup@^2.59.0":
    "integrity" "sha512-+c+lbw1lexBKSMb1yxGDVfJ+vchJH3qLbmavR+awDinTDA2C5Ug9u7lkOzj62SCu0PKUExsW36tpgW7Fmpn3yQ=="
    "resolved" "https://registry.npmmirror.com/rollup/download/rollup-2.64.0.tgz"
    "version" "2.64.0"
    optionalDependencies:
      "fsevents" "~2.3.2"
  
  "safe-buffer@^5.0.1", "safe-buffer@^5.1.2":
    "integrity" "sha1-Hq+fqb2x/dTsdfWPnNtOa3gn7sY="
    "resolved" "https://registry.npmmirror.com/safe-buffer/download/safe-buffer-5.2.1.tgz"
    "version" "5.2.1"
  
  "safer-buffer@^2.0.2", "safer-buffer@^2.1.0", "safer-buffer@>= 2.1.2 < 3", "safer-buffer@~2.1.0":
    "integrity" "sha1-RPoWGwGHuVSd2Eu5GAL5vYOFzWo="
    "resolved" "https://registry.nlark.com/safer-buffer/download/safer-buffer-2.1.2.tgz"
    "version" "2.1.2"
  
  "sax@^1.2.4":
    "integrity" "sha1-KBYjTiN4vdxOU1T6tcqold9xANk="
    "resolved" "https://registry.npm.taobao.org/sax/download/sax-1.2.4.tgz"
    "version" "1.2.4"
  
  "semver@^5.5.0", "semver@^5.6.0", "semver@2 || 3 || 4 || 5":
    "integrity" "sha1-qVT5Ma66UI0we78Gnv8MAclhFvc="
    "resolved" "https://registry.nlark.com/semver/download/semver-5.7.1.tgz"
    "version" "5.7.1"
  
  "semver@^6.1.0":
    "integrity" "sha1-7gpkyK9ejO6mdoexM3YeG+y9HT0="
    "resolved" "https://registry.nlark.com/semver/download/semver-6.3.0.tgz"
    "version" "6.3.0"
  
  "semver@^7.3.5":
    "integrity" "sha1-C2Ich5NI2JmOSw5L6Us/EuYBjvc="
    "resolved" "https://registry.nlark.com/semver/download/semver-7.3.5.tgz"
    "version" "7.3.5"
    dependencies:
      "lru-cache" "^6.0.0"
  
  "sentence-case@^3.0.4":
    "integrity" "sha1-NkWnuMEXx4f96HAgViJbtipFEx8="
    "resolved" "https://registry.npm.taobao.org/sentence-case/download/sentence-case-3.0.4.tgz?cache=0&sync_timestamp=1606867325535&other_urls=https%3A%2F%2Fregistry.npm.taobao.org%2Fsentence-case%2Fdownload%2Fsentence-case-3.0.4.tgz"
    "version" "3.0.4"
    dependencies:
      "no-case" "^3.0.4"
      "tslib" "^2.0.3"
      "upper-case-first" "^2.0.2"
  
  "shebang-command@^1.2.0":
    "integrity" "sha1-RKrGW2lbAzmJaMOfNj/uXer98eo="
    "resolved" "https://registry.npm.taobao.org/shebang-command/download/shebang-command-1.2.0.tgz"
    "version" "1.2.0"
    dependencies:
      "shebang-regex" "^1.0.0"
  
  "shebang-regex@^1.0.0":
    "integrity" "sha1-2kL0l0DAtC2yypcoVxyxkMmO/qM="
    "resolved" "https://registry.npmmirror.com/shebang-regex/download/shebang-regex-1.0.0.tgz"
    "version" "1.0.0"
  
  "shell-quote@^1.6.1":
    "integrity" "sha1-qkDtrBcERbmkMeF7tiwLiBucQSM="
    "resolved" "https://registry.npmmirror.com/shell-quote/download/shell-quote-1.7.3.tgz?cache=0&sync_timestamp=1634798222474&other_urls=https%3A%2F%2Fregistry.npmmirror.com%2Fshell-quote%2Fdownload%2Fshell-quote-1.7.3.tgz"
    "version" "1.7.3"
  
  "signal-exit@^3.0.0", "signal-exit@^3.0.2":
    "integrity" "sha512-sDl4qMFpijcGw22U5w63KmD3cZJfBuFlVNbVMKje2keoKML7X2UzWbc4XrmEbDwg0NXJc3yv4/ox7b+JWb57kQ=="
    "resolved" "https://registry.npmmirror.com/signal-exit/download/signal-exit-3.0.6.tgz?cache=0&other_urls=https%3A%2F%2Fregistry.npmmirror.com%2Fsignal-exit%2Fdownload%2Fsignal-exit-3.0.6.tgz"
    "version" "3.0.6"
  
  "snake-case@^3.0.4":
    "integrity" "sha1-Tyu9Vo6ZNavf1ZPzTGkdrbScRSw="
    "resolved" "https://registry.npm.taobao.org/snake-case/download/snake-case-3.0.4.tgz?cache=0&sync_timestamp=1606867326057&other_urls=https%3A%2F%2Fregistry.npm.taobao.org%2Fsnake-case%2Fdownload%2Fsnake-case-3.0.4.tgz"
    "version" "3.0.4"
    dependencies:
      "dot-case" "^3.0.4"
      "tslib" "^2.0.3"
  
  "source-map-js@^1.0.1":
    "integrity" "sha512-4+TN2b3tqOCd/kaGRJ/sTYA0tR0mdXx26ipdolxcwtJVqEnqNYvlCAt1q3ypy4QMlYus+Zh34RNtYLoq2oQ4IA=="
    "resolved" "https://registry.npmmirror.com/source-map-js/download/source-map-js-1.0.1.tgz?cache=0&sync_timestamp=1636400915509&other_urls=https%3A%2F%2Fregistry.npmmirror.com%2Fsource-map-js%2Fdownload%2Fsource-map-js-1.0.1.tgz"
    "version" "1.0.1"
  
  "source-map@^0.6.1", "source-map@~0.6.0":
    "integrity" "sha1-dHIq8y6WFOnCh6jQu95IteLxomM="
    "resolved" "https://registry.nlark.com/source-map/download/source-map-0.6.1.tgz"
    "version" "0.6.1"
  
  "sourcemap-codec@^1.4.4":
    "integrity" "sha1-6oBL2UhXQC5pktBaOO8a41qatMQ="
    "resolved" "https://registry.nlark.com/sourcemap-codec/download/sourcemap-codec-1.4.8.tgz"
    "version" "1.4.8"
  
  "spdx-correct@^3.0.0":
    "integrity" "sha1-3s6BrJweZxPl99G28X1Gj6U9iak="
    "resolved" "https://registry.npmmirror.com/spdx-correct/download/spdx-correct-3.1.1.tgz"
    "version" "3.1.1"
    dependencies:
      "spdx-expression-parse" "^3.0.0"
      "spdx-license-ids" "^3.0.0"
  
  "spdx-exceptions@^2.1.0":
    "integrity" "sha1-PyjOGnegA3JoPq3kpDMYNSeiFj0="
    "resolved" "https://registry.nlark.com/spdx-exceptions/download/spdx-exceptions-2.3.0.tgz"
    "version" "2.3.0"
  
  "spdx-expression-parse@^3.0.0":
    "integrity" "sha1-z3D1BILu/cmOPOCmgz5KU87rpnk="
    "resolved" "https://registry.npmmirror.com/spdx-expression-parse/download/spdx-expression-parse-3.0.1.tgz"
    "version" "3.0.1"
    dependencies:
      "spdx-exceptions" "^2.1.0"
      "spdx-license-ids" "^3.0.0"
  
  "spdx-license-ids@^3.0.0":
    "integrity" "sha512-Ctl2BrFiM0X3MANYgj3CkygxhRmr9mi6xhejbdO960nF6EDJApTYpn0BQnDKlnNBULKiCN1n3w9EBkHK8ZWg+g=="
    "resolved" "https://registry.npmmirror.com/spdx-license-ids/download/spdx-license-ids-3.0.11.tgz?cache=0&sync_timestamp=1636978510592&other_urls=https%3A%2F%2Fregistry.npmmirror.com%2Fspdx-license-ids%2Fdownload%2Fspdx-license-ids-3.0.11.tgz"
    "version" "3.0.11"
  
  "sshpk@^1.7.0":
    "integrity" "sha512-/9HIEs1ZXGhSPE8X6Ccm7Nam1z8KcoCqPdI7ecm1N33EzAetWahvQWVqLZtaZQ+IDKX4IyA2o0gBzqIMkAagHQ=="
    "resolved" "https://registry.npmmirror.com/sshpk/download/sshpk-1.17.0.tgz"
    "version" "1.17.0"
    dependencies:
      "asn1" "~0.2.3"
      "assert-plus" "^1.0.0"
      "bcrypt-pbkdf" "^1.0.0"
      "dashdash" "^1.12.0"
      "ecc-jsbn" "~0.1.1"
      "getpass" "^0.1.1"
      "jsbn" "~0.1.0"
      "safer-buffer" "^2.0.2"
      "tweetnacl" "~0.14.0"
  
  "strip-ansi@^5.2.0":
    "integrity" "sha1-jJpTb+tq/JYr36WxBKUJHBrZwK4="
    "resolved" "https://registry.npmmirror.com/strip-ansi/download/strip-ansi-5.2.0.tgz"
    "version" "5.2.0"
    dependencies:
      "ansi-regex" "^4.1.0"
  
  "strip-ansi@^6.0.0":
    "integrity" "sha1-nibGPTD1NEPpSJSVshBdN7Z6hdk="
    "resolved" "https://registry.npmmirror.com/strip-ansi/download/strip-ansi-6.0.1.tgz"
    "version" "6.0.1"
    dependencies:
      "ansi-regex" "^5.0.1"
  
  "strip-eof@^1.0.0":
    "integrity" "sha1-u0P/VZim6wXYm1n80SnJgzE2Br8="
    "resolved" "https://registry.npmmirror.com/strip-eof/download/strip-eof-1.0.0.tgz"
    "version" "1.0.0"
  
  "supports-color@^5.3.0":
    "integrity" "sha1-4uaaRKyHcveKHsCzW2id9lMO/I8="
    "resolved" "https://registry.npmmirror.com/supports-color/download/supports-color-5.5.0.tgz"
    "version" "5.5.0"
    dependencies:
      "has-flag" "^3.0.0"
  
  "supports-preserve-symlinks-flag@^1.0.0":
    "integrity" "sha512-ot0WnXS9fgdkgIcePe6RHNk1WA8+muPa6cSjeR3V8K27q9BB1rTE3R1p7Hv0z1ZyAc8s6Vvv8DIyWf681MAt0w=="
    "resolved" "https://registry.npmmirror.com/supports-preserve-symlinks-flag/download/supports-preserve-symlinks-flag-1.0.0.tgz"
    "version" "1.0.0"
  
  "systemjs@^6.11.0":
    "integrity" "sha512-7YPIY44j+BoY+E6cGBSw0oCU8SNTTIHKZgftcBdwWkDzs/M86Fdlr21FrzAyph7Zo8r3CFGscyFe4rrBtixrBg=="
    "resolved" "https://registry.npmmirror.com/systemjs/download/systemjs-6.11.0.tgz"
    "version" "6.11.0"
  
  "to-fast-properties@^2.0.0":
    "integrity" "sha1-3F5pjL0HkmW8c+A3doGk5Og/YW4="
    "resolved" "https://registry.npmmirror.com/to-fast-properties/download/to-fast-properties-2.0.0.tgz"
    "version" "2.0.0"
  
  "token-stream@1.0.0":
    "integrity" "sha1-zCAOqyYT9BZtJ/+a/HylbUnfbrQ="
    "resolved" "https://registry.nlark.com/token-stream/download/token-stream-1.0.0.tgz"
    "version" "1.0.0"
  
  "tough-cookie@~2.5.0":
    "integrity" "sha1-zZ+yoKodWhK0c72fuW+j3P9lreI="
    "resolved" "https://registry.npmmirror.com/tough-cookie/download/tough-cookie-2.5.0.tgz"
    "version" "2.5.0"
    dependencies:
      "psl" "^1.1.28"
      "punycode" "^2.1.1"
  
  "tslib@^2.0.3", "tslib@^2.3.0":
    "integrity" "sha512-77EbyPPpMz+FRFRuAFlWMtmgUWGe9UOG2Z25NqCwiIjRhOf5iKGuzSe5P2w1laq+FkRy4p+PCuVkJSGkzTEKVw=="
    "resolved" "https://registry.npmmirror.com/tslib/download/tslib-2.3.1.tgz"
    "version" "2.3.1"
  
  "tunnel-agent@^0.6.0":
    "integrity" "sha1-J6XeoGs2sEoKmWZ3SykIaPD8QP0="
    "resolved" "https://registry.npmmirror.com/tunnel-agent/download/tunnel-agent-0.6.0.tgz"
    "version" "0.6.0"
    dependencies:
      "safe-buffer" "^5.0.1"
  
  "tweetnacl@^0.14.3", "tweetnacl@~0.14.0":
    "integrity" "sha1-WuaBd/GS1EViadEIr6k/+HQ/T2Q="
    "resolved" "https://registry.npm.taobao.org/tweetnacl/download/tweetnacl-0.14.5.tgz"
    "version" "0.14.5"
  
  "type-fest@^0.6.0":
    "integrity" "sha1-jSojcNPfiG61yQraHFv2GIrPg4s="
    "resolved" "https://registry.npmmirror.com/type-fest/download/type-fest-0.6.0.tgz"
    "version" "0.6.0"
  
  "typescript@*", "typescript@^4.4.4", "typescript@>=4.4.4":
    "integrity" "sha512-VgYs2A2QIRuGphtzFV7aQJduJ2gyfTljngLzjpfW9FoYZF6xuw1W0vW9ghCKLfcWrCFxK81CSGRAvS1pn4fIUg=="
    "resolved" "https://registry.npmmirror.com/typescript/download/typescript-4.5.4.tgz"
    "version" "4.5.4"
  
  "universalify@^2.0.0":
    "integrity" "sha1-daSYTv7cSwiXXFrrc/Uw0C3yVxc="
    "resolved" "https://registry.npm.taobao.org/universalify/download/universalify-2.0.0.tgz?cache=0&sync_timestamp=1603179967633&other_urls=https%3A%2F%2Fregistry.npm.taobao.org%2Funiversalify%2Fdownload%2Funiversalify-2.0.0.tgz"
    "version" "2.0.0"
  
  "upath@^2.0.1":
    "integrity" "sha1-UMc96mjW9rmQ9R0nnOYIFmXWGos="
    "resolved" "https://registry.npm.taobao.org/upath/download/upath-2.0.1.tgz"
    "version" "2.0.1"
  
  "upper-case-first@^2.0.2":
    "integrity" "sha1-mSwyc/iCq9GdHgKJTMFHEX+EQyQ="
    "resolved" "https://registry.npm.taobao.org/upper-case-first/download/upper-case-first-2.0.2.tgz?cache=0&sync_timestamp=1606867326586&other_urls=https%3A%2F%2Fregistry.npm.taobao.org%2Fupper-case-first%2Fdownload%2Fupper-case-first-2.0.2.tgz"
    "version" "2.0.2"
    dependencies:
      "tslib" "^2.0.3"
  
  "upper-case@^2.0.2":
    "integrity" "sha1-2JgQgj+qsd8VSbfZenb4Ziuub3o="
    "resolved" "https://registry.npm.taobao.org/upper-case/download/upper-case-2.0.2.tgz"
    "version" "2.0.2"
    dependencies:
      "tslib" "^2.0.3"
  
  "uri-js@^4.2.2":
    "integrity" "sha1-mxpSWVIlhZ5V9mnZKPiMbFfyp34="
    "resolved" "https://registry.nlark.com/uri-js/download/uri-js-4.4.1.tgz"
    "version" "4.4.1"
    dependencies:
      "punycode" "^2.1.0"
  
  "uuid@^3.3.2":
    "integrity" "sha512-HjSDRw6gZE5JMggctHBcjVak08+KEVhSIiDzFnT9S9aegmp85S/bReBVTb4QTFaRNptJ9kuYaNhnbNEOkbKb/A=="
    "resolved" "https://registry.npmmirror.com/uuid/download/uuid-3.4.0.tgz"
    "version" "3.4.0"
  
  "validate-npm-package-license@^3.0.1":
    "integrity" "sha1-/JH2uce6FchX9MssXe/uw51PQQo="
    "resolved" "https://registry.nlark.com/validate-npm-package-license/download/validate-npm-package-license-3.0.4.tgz"
    "version" "3.0.4"
    dependencies:
      "spdx-correct" "^3.0.0"
      "spdx-expression-parse" "^3.0.0"
  
  "vant@^3.0.16":
    "integrity" "sha512-Mupj1FDW19QJpKUhu+gZgcUt3FhKly2AuPASTLmiuby0JtxV5P/XaTvMxwNCEz0oH2Q8QShppTaxoSPaz2z0yg=="
    "resolved" "https://registry.npmmirror.com/vant/download/vant-3.4.2.tgz"
    "version" "3.4.2"
    dependencies:
      "@vant/icons" "^1.7.1"
      "@vant/popperjs" "^1.1.0"
      "@vant/use" "^1.3.4"
  
  "verror@1.10.0":
    "integrity" "sha1-OhBcoXBTr1XW4nDB+CiGguGNpAA="
    "resolved" "https://registry.npmmirror.com/verror/download/verror-1.10.0.tgz"
    "version" "1.10.0"
    dependencies:
      "assert-plus" "^1.0.0"
      "core-util-is" "1.0.2"
      "extsprintf" "^1.2.0"
  
  "vite-plugin-style-import@^1.4.1":
    "integrity" "sha512-lJCRvm7+So0hHdnSJiJPg9gD5mxtL6YY0jmhEph+k7ArpsyvqOh6han2kG5htbWWDZxHkUN9d1BuTFL//yCLLQ=="
    "resolved" "https://registry.npmmirror.com/vite-plugin-style-import/download/vite-plugin-style-import-1.4.1.tgz"
    "version" "1.4.1"
    dependencies:
      "@rollup/pluginutils" "^4.1.2"
      "change-case" "^4.1.2"
      "debug" "^4.3.3"
      "es-module-lexer" "^0.9.3"
      "fs-extra" "^10.0.0"
      "magic-string" "^0.25.7"
  
  "vite@^2.0.0", "vite@^2.5.10", "vite@^2.7.2", "vite@>=2.0.0":
    "integrity" "sha512-KvPYToRQWhRfBeVkyhkZ5hASuHQkqZUUdUcE3xyYtq5oYEPIJ0h9LWiWTO6v990glmSac2cEPeYeXzpX5Z6qKQ=="
    "resolved" "https://registry.npmmirror.com/vite/download/vite-2.7.12.tgz"
    "version" "2.7.12"
    dependencies:
      "esbuild" "^0.13.12"
      "postcss" "^8.4.5"
      "resolve" "^1.20.0"
      "rollup" "^2.59.0"
    optionalDependencies:
      "fsevents" "~2.3.2"
  
  "void-elements@^3.1.0":
    "integrity" "sha1-YU9/v42AHwu18GYfWy9XhXUOTwk="
    "resolved" "https://registry.npm.taobao.org/void-elements/download/void-elements-3.1.0.tgz"
    "version" "3.1.0"
  
  "vscode-css-languageservice@^5.1.9":
    "integrity" "sha512-/tFOWeZBL3Oc9Zc+2MAi3rEwiXJTSZsvjB+M7nSjWLbGPUIjukUA7YzLgsBoUfR35sPJYnXWUkL56PdfIYM8GA=="
    "resolved" "https://registry.npmmirror.com/vscode-css-languageservice/download/vscode-css-languageservice-5.1.9.tgz"
    "version" "5.1.9"
    dependencies:
      "vscode-languageserver-textdocument" "^1.0.1"
      "vscode-languageserver-types" "^3.16.0"
      "vscode-nls" "^5.0.0"
      "vscode-uri" "^3.0.2"
  
  "vscode-html-languageservice@^4.2.1":
    "integrity" "sha512-PgaToZVXJ44nFWEBuSINdDgVV6EnpC3MnXBsysR3O5TKcAfywbYeRGRy+Y4dVR7YeUgDvtb+JkJoSkaYC0mxXQ=="
    "resolved" "https://registry.npmmirror.com/vscode-html-languageservice/download/vscode-html-languageservice-4.2.1.tgz"
    "version" "4.2.1"
    dependencies:
      "vscode-languageserver-textdocument" "^1.0.1"
      "vscode-languageserver-types" "^3.16.0"
      "vscode-nls" "^5.0.0"
      "vscode-uri" "^3.0.2"
  
  "vscode-json-languageservice@^4.1.10":
    "integrity" "sha512-IHliMEEYSY0tJjJt0ECb8ESx/nRXpoy9kN42WVQXgaqGyizFAf3jibSiezDQTrrY7f3kywXggCU+kkJEM+OLZQ=="
    "resolved" "https://registry.npmmirror.com/vscode-json-languageservice/download/vscode-json-languageservice-4.1.10.tgz"
    "version" "4.1.10"
    dependencies:
      "jsonc-parser" "^3.0.0"
      "vscode-languageserver-textdocument" "^1.0.1"
      "vscode-languageserver-types" "^3.16.0"
      "vscode-nls" "^5.0.0"
      "vscode-uri" "^3.0.2"
  
  "vscode-jsonrpc@^8.0.0-next.4", "vscode-jsonrpc@8.0.0-next.5":
    "integrity" "sha512-owRllqcFTnz5rXxcbmHPFGmpFmLqj9Z1V3Dzrv+s8ejOHLIT62Pyb5Uqzyl2/in2VP22DmzErPgZwrxjLCIKiQ=="
    "resolved" "https://registry.npmmirror.com/vscode-jsonrpc/download/vscode-jsonrpc-8.0.0-next.5.tgz"
    "version" "8.0.0-next.5"
  
  "vscode-languageserver-protocol@^3.17.0-next.11":
    "integrity" "sha512-VLRcWKOpCXcx9UrqrS+NSF6pNxV498VGYGW+eyp9a79/F9ElUq3wdG6acXYlEfpWHuIxpm6MXps8FU88wqIgTg=="
    "resolved" "https://registry.npmmirror.com/vscode-languageserver-protocol/download/vscode-languageserver-protocol-3.17.0-next.12.tgz"
    "version" "3.17.0-next.12"
    dependencies:
      "vscode-jsonrpc" "8.0.0-next.5"
      "vscode-languageserver-types" "3.17.0-next.6"
  
  "vscode-languageserver-textdocument@^1.0.1", "vscode-languageserver-textdocument@^1.0.3":
    "integrity" "sha512-ynEGytvgTb6HVSUwPJIAZgiHQmPCx8bZ8w5um5Lz+q5DjP0Zj8wTFhQpyg8xaMvefDytw2+HH5yzqS+FhsR28A=="
    "resolved" "https://registry.npmmirror.com/vscode-languageserver-textdocument/download/vscode-languageserver-textdocument-1.0.3.tgz"
    "version" "1.0.3"
  
  "vscode-languageserver-types@^3.15.1", "vscode-languageserver-types@^3.16.0":
    "integrity" "sha1-7POT/BIexpdLLaPvsxVWRMUU4kc="
    "resolved" "https://registry.npmmirror.com/vscode-languageserver-types/download/vscode-languageserver-types-3.16.0.tgz"
    "version" "3.16.0"
  
  "vscode-languageserver-types@^3.17.0-next.5":
    "integrity" "sha512-rHYeCotiabJHgvIYzWjV8g0dHCxyOQtcryTv1Xa1horaQ4jx2V+rjLBstc6zMpCyrnZcjorwEcAvGBDCd6wudw=="
    "resolved" "https://registry.npmmirror.com/vscode-languageserver-types/download/vscode-languageserver-types-3.17.0-next.6.tgz"
    "version" "3.17.0-next.6"
  
  "vscode-languageserver-types@3.17.0-next.6":
    "integrity" "sha512-rHYeCotiabJHgvIYzWjV8g0dHCxyOQtcryTv1Xa1horaQ4jx2V+rjLBstc6zMpCyrnZcjorwEcAvGBDCd6wudw=="
    "resolved" "https://registry.npmmirror.com/vscode-languageserver-types/download/vscode-languageserver-types-3.17.0-next.6.tgz"
    "version" "3.17.0-next.6"
  
  "vscode-nls@^5.0.0":
    "integrity" "sha1-mfDaC9nqfNpE5WWnTFSx8rwleEA="
    "resolved" "https://registry.npmmirror.com/vscode-nls/download/vscode-nls-5.0.0.tgz"
    "version" "5.0.0"
  
  "vscode-pug-languageservice@0.30.5":
    "integrity" "sha512-vv/Cu+kWfJ4Hocn7uoqUxOtJ5udXge53RCrXyKuhvBYef4QVcjCwx5xFzN1PX2f8+FoMoixAlCrZPw/E86kBSA=="
    "resolved" "https://registry.npmmirror.com/vscode-pug-languageservice/download/vscode-pug-languageservice-0.30.5.tgz"
    "version" "0.30.5"
    dependencies:
      "@volar/code-gen" "0.30.5"
      "@volar/shared" "0.30.5"
      "@volar/source-map" "0.30.5"
      "@volar/transforms" "0.30.5"
      "pug-lexer" "^5.0.1"
      "pug-parser" "^6.0.0"
      "vscode-languageserver-textdocument" "^1.0.3"
      "vscode-languageserver-types" "^3.17.0-next.5"
  
  "vscode-typescript-languageservice@0.30.5":
    "integrity" "sha512-zIPnGuxo53NtvmWTIJnHXByf5X8eVBunbEqO4YYoqHw4yCWbYFJlnN7CaOh3ORKjfbG4knBg6ULl54XKaL5Txg=="
    "resolved" "https://registry.npmmirror.com/vscode-typescript-languageservice/download/vscode-typescript-languageservice-0.30.5.tgz"
    "version" "0.30.5"
    dependencies:
      "@volar/shared" "0.30.5"
      "semver" "^7.3.5"
      "upath" "^2.0.1"
      "vscode-languageserver-protocol" "^3.17.0-next.11"
      "vscode-languageserver-textdocument" "^1.0.3"
      "vscode-nls" "^5.0.0"
  
  "vscode-uri@^2.1.2":
    "integrity" "sha1-yNQN6T61evMfPHFd1lDiyiwJbxw="
    "resolved" "https://registry.npmmirror.com/vscode-uri/download/vscode-uri-2.1.2.tgz"
    "version" "2.1.2"
  
  "vscode-uri@^3.0.2":
    "integrity" "sha512-EcswR2S8bpR7fD0YPeS7r2xXExrScVMxg4MedACaWHEtx9ftCF/qHG1xGkolzTPcEmjTavCQgbVzHUIdTMzFGA=="
    "resolved" "https://registry.npmmirror.com/vscode-uri/download/vscode-uri-3.0.3.tgz"
    "version" "3.0.3"
  
  "vscode-vue-languageservice@0.30.5":
    "integrity" "sha512-QljaoVk0x0X3028WRGswjN4LWbp7CJXu8y/gw8KnmKIBN/q09yUKP8TfFV760QQLjUci9IniGymyHaBop01zsA=="
    "resolved" "https://registry.npmmirror.com/vscode-vue-languageservice/download/vscode-vue-languageservice-0.30.5.tgz"
    "version" "0.30.5"
    dependencies:
      "@volar/code-gen" "0.30.5"
      "@volar/html2pug" "0.30.5"
      "@volar/shared" "0.30.5"
      "@volar/source-map" "0.30.5"
      "@volar/transforms" "0.30.5"
      "@volar/vue-code-gen" "0.30.5"
      "@vscode/emmet-helper" "^2.8.3"
      "@vue/reactivity" "^3.2.26"
      "@vue/shared" "^3.2.26"
      "upath" "^2.0.1"
      "vscode-css-languageservice" "^5.1.9"
      "vscode-html-languageservice" "^4.2.1"
      "vscode-json-languageservice" "^4.1.10"
      "vscode-languageserver-protocol" "^3.17.0-next.11"
      "vscode-languageserver-textdocument" "^1.0.3"
      "vscode-pug-languageservice" "0.30.5"
      "vscode-typescript-languageservice" "0.30.5"
  
  "vue-demi@*":
    "integrity" "sha1-9+GO++z/0RqwadFHLXoG4xm0F0w="
    "resolved" "https://registry.npmmirror.com/vue-demi/download/vue-demi-0.12.1.tgz"
    "version" "0.12.1"
  
  "vue-router@^4.0.0-0":
    "integrity" "sha512-CPXvfqe+mZLB1kBWssssTiWg4EQERyqJZes7USiqfW9B5N2x+nHlnsM1D3b5CaJ6qgCvMmYJnz+G0iWjNCvXrg=="
    "resolved" "https://registry.npmmirror.com/vue-router/download/vue-router-4.0.12.tgz"
    "version" "4.0.12"
    dependencies:
      "@vue/devtools-api" "^6.0.0-beta.18"
  
  "vue-tsc@^0.30.5":
    "integrity" "sha512-EHVoJ/Ys+gQazqF6NWaWGpi7hXX/Ty+qQv/1ECcVTHY78yoM7caY2LgyyfnXroSonFa0BDo0zMNc1L6E5PIG4A=="
    "resolved" "https://registry.npmmirror.com/vue-tsc/download/vue-tsc-0.30.5.tgz"
    "version" "0.30.5"
    dependencies:
      "@volar/shared" "0.30.5"
      "vscode-vue-languageservice" "0.30.5"
  
  "vue@^2.6.14 || ^3.2.0", "vue@^3.0.0", "vue@^3.0.0-0 || ^2.6.0", "vue@^3.2.25", "vue@3.2.27":
    "integrity" "sha512-p1cH8Q6eaPwvANCjFQj497a914cxXKKwOG3Lg9USddTOrn4/zFMKjn9dnovkx+L8VtFaNgbVqW8mLJS/eTA6xw=="
    "resolved" "https://registry.npmmirror.com/vue/download/vue-3.2.27.tgz"
    "version" "3.2.27"
    dependencies:
      "@vue/compiler-dom" "3.2.27"
      "@vue/compiler-sfc" "3.2.27"
      "@vue/runtime-dom" "3.2.27"
      "@vue/server-renderer" "3.2.27"
      "@vue/shared" "3.2.27"
  
  "wcwidth@^1.0.1":
    "integrity" "sha1-8LDc+RW8X/FSivrbLA4XtTLaL+g="
    "resolved" "https://registry.nlark.com/wcwidth/download/wcwidth-1.0.1.tgz"
    "version" "1.0.1"
    dependencies:
      "defaults" "^1.0.3"
  
  "which@^1.2.9":
    "integrity" "sha1-pFBD1U9YBTFtqNYvn1CRjT2nCwo="
    "resolved" "https://registry.nlark.com/which/download/which-1.3.1.tgz"
    "version" "1.3.1"
    dependencies:
      "isexe" "^2.0.0"
  
  "with@^7.0.0":
    "integrity" "sha1-zO461ULSVTinp6gKrSErmChJW6w="
    "resolved" "https://registry.nlark.com/with/download/with-7.0.2.tgz"
    "version" "7.0.2"
    dependencies:
      "@babel/parser" "^7.9.6"
      "@babel/types" "^7.9.6"
      "assert-never" "^1.2.1"
      "babel-walk" "3.0.0-canary-5"
  
  "wrappy@1":
    "integrity" "sha1-tSQ9jz7BqjXxNkYFvA0QNuMKtp8="
    "resolved" "https://registry.nlark.com/wrappy/download/wrappy-1.0.2.tgz"
    "version" "1.0.2"
  
  "yallist@^3.0.2":
    "integrity" "sha1-27fa+b/YusmrRev2ArjLrQ1dCP0="
    "resolved" "https://registry.npmmirror.com/yallist/download/yallist-3.1.1.tgz"
    "version" "3.1.1"
  
  "yallist@^4.0.0":
    "integrity" "sha1-m7knkNnA7/7GO+c1GeEaNQGaOnI="
    "resolved" "https://registry.npmmirror.com/yallist/download/yallist-4.0.0.tgz"
    "version" "4.0.0"
